                     :-) GROMACS - gmx mdrun, 2025-dev (-:

Copyright 1991-2025 The GROMACS Authors.
GROMACS is free software; you can redistribute it and/or modify it
under the terms of the GNU Lesser General Public License
as published by the Free Software Foundation; either version 2.1
of the License, or (at your option) any later version.

                         Current GROMACS contributors:
       Mark Abraham           Andrey Alekseenko           Vladimir Basov      
      Cathrine Bergh            Eliane Briand               Ania Brown        
      Mahesh Doijade            Giacomo Fiorin          Stefan Fleischmann    
      Sergey Gorelov         Gilles Gouaillardet            Alan Gray         
     M. Eric Irrgang         Farzaneh Jalalypour            Joe Jordan        
     Carsten Kutzner           Justin A. Lemkul          Magnus Lundborg      
       Pascal Merz              Vedran Miletic            Dmitry Morozov      
       Julien Nabet              Szilard Pall        Andrea Pasquadibisceglie 
    Michele Pellegrino          Hubert Santuz             Roland Schulz       
     Tatiana Shugaeva          Alexey Shvetsov            Philip Turner       
     Alessandra Villa      Sebastian Wingbermuehle  

                         Previous GROMACS contributors:
        Emile Apol             Rossen Apostolov           James Barnett       
        Paul Bauer          Herman J.C. Berendsen          Par Bjelkmar       
      Christian Blau          Viacheslav Bolnykh            Kevin Boyd        
    Aldert van Buuren          Carlo Camilloni           Rudi van Drunen      
      Anton Feenstra           Oliver Fleetwood            Vytas Gapsys       
       Gaurav Garg             Gerrit Groenhof            Bert de Groot       
      Anca Hamuraru           Vincent Hindriksen          Victor Holanda      
     Aleksei Iupinov          Christoph Junghans        Prashanth Kanduri     
   Dimitrios Karkoulis           Peter Kasson             Sebastian Kehl      
     Sebastian Keller             Jiri Kraus               Per Larsson        
      Viveca Lindahl            Erik Marklund           Pieter Meulenhoff     
      Teemu Murtola              Sander Pronk             Michael Shirts      
      Alfons Sijbers            Balint Soproni         David van der Spoel    
      Peter Tieleman            Carsten Uphoff             Jon Vincent        
     Teemu Virolainen         Christian Wennberg           Maarten Wolf       
      Artem Zhmurov       

                  Coordinated by the GROMACS project leaders:
                           Berk Hess and Erik Lindahl

GROMACS:      gmx mdrun, version 2025-dev
Executable:   /usr/local/gromacs-imd-v3/bin/gmx
Data prefix:  /usr/local/gromacs-imd-v3
Working dir:  /home/mheyden1/streaming-101/equi
Process ID:   1063
Command line:
  gmx mdrun -v -nt 16

GROMACS version:     2025-dev
Precision:           mixed
Memory model:        64 bit
MPI library:         thread_mpi
OpenMP support:      enabled (GMX_OPENMP_MAX_THREADS = 128)
GPU support:         disabled
SIMD instructions:   AVX2_128
CPU FFT library:     fftw-3.3.10-sse2-avx-avx2-avx2_128
GPU FFT library:     none
Multi-GPU FFT:       none
RDTSCP usage:        enabled
TNG support:         enabled
Hwloc support:       disabled
Tracing support:     disabled
C compiler:          /usr/bin/gcc GNU 13.1.0
C compiler flags:    -Wno-array-bounds -fexcess-precision=fast -funroll-all-loops -mavx2 -mfma -Wall -Wno-unused -Wunused-value -Wunused-parameter -Wextra -Wno-sign-compare -Wpointer-arith -Wundef -Werror=stringop-truncation -Wno-missing-field-initializers -O3 -DNDEBUG
C++ compiler:        /usr/bin/c++ GNU 13.1.0
C++ compiler flags:  -Wno-array-bounds -fexcess-precision=fast -funroll-all-loops -mavx2 -mfma -Wall -Wextra -Wpointer-arith -Wmissing-declarations -Wundef -Wstringop-truncation -Wno-missing-field-initializers -Wno-cast-function-type-strict SHELL:-fopenmp -O3 -DNDEBUG
BLAS library:        Internal
LAPACK library:      Internal


Running on 1 node with total 64 cores, 128 processing units
Hardware detected on host orion1:
  CPU info:
    Vendor: AMD
    Brand:  AMD EPYC 7601 32-Core Processor                
    Family: 23   Model: 1   Stepping: 2
    Features: aes amd apic avx avx2 clfsh cmov cx8 cx16 f16c fma htt lahf misalignsse mmx msr nonstop_tsc pclmuldq pdpe1gb popcnt pse rdrnd rdtscp sha sse2 sse3 sse4a sse4.1 sse4.2 ssse3
  Hardware topology: Basic
    Packages, cores, and logical processors:
    [indices refer to OS logical processors]
      Package  0: [   0  64] [   1  65] [   2  66] [   3  67] [   4  68] [   5  69] [   6  70] [   7  71] [   8  72] [   9  73] [  10  74] [  11  75] [  12  76] [  13  77] [  14  78] [  15  79] [  16  80] [  17  81] [  18  82] [  19  83] [  20  84] [  21  85] [  22  86] [  23  87] [  24  88] [  25  89] [  26  90] [  27  91] [  28  92] [  29  93] [  30  94] [  31  95] [  32  96] [  33  97] [  34  98] [  35  99] [  36 100] [  37 101] [  38 102] [  39 103] [  40 104] [  41 105] [  42 106] [  43 107] [  44 108] [  45 109] [  46 110] [  47 111] [  48 112] [  49 113] [  50 114] [  51 115] [  52 116] [  53 117] [  54 118] [  55 119] [  56 120] [  57 121] [  58 122] [  59 123] [  60 124] [  61 125] [  62 126] [  63 127]
    CPU limit set by OS: -1   Recommended max number of threads: 128


++++ PLEASE READ AND CITE THE FOLLOWING REFERENCE ++++
M. J. Abraham, T. Murtola, R. Schulz, S. Páll, J. C. Smith, B. Hess, E.
Lindahl
GROMACS: High performance molecular simulations through multi-level
parallelism from laptops to supercomputers
SoftwareX (2015)
DOI: 10.1016/j.softx.2015.06.001
-------- -------- --- Thank You --- -------- --------


++++ PLEASE READ AND CITE THE FOLLOWING REFERENCE ++++
S. Páll, M. J. Abraham, C. Kutzner, B. Hess, E. Lindahl
Tackling Exascale Software Challenges in Molecular Dynamics Simulations with
GROMACS
In S. Markidis & E. Laure (Eds.), Solving Software Challenges for Exascale (2015)
DOI: 10.1007/978-3-319-15976-8_1
-------- -------- --- Thank You --- -------- --------


++++ PLEASE READ AND CITE THE FOLLOWING REFERENCE ++++
S. Pronk, S. Páll, R. Schulz, P. Larsson, P. Bjelkmar, R. Apostolov, M. R.
Shirts, J. C. Smith, P. M. Kasson, D. van der Spoel, B. Hess, E. Lindahl
GROMACS 4.5: a high-throughput and highly parallel open source molecular
simulation toolkit
Bioinformatics (2013)
DOI: 10.1093/bioinformatics/btt055
-------- -------- --- Thank You --- -------- --------


++++ PLEASE READ AND CITE THE FOLLOWING REFERENCE ++++
B. Hess, C. Kutzner, D. van der Spoel, E. Lindahl
GROMACS 4: Algorithms for highly efficient, load-balanced, and scalable
molecular simulation
J. Chem. Theory Comput. (2008)
DOI: 10.1021/ct700301q
-------- -------- --- Thank You --- -------- --------


++++ PLEASE READ AND CITE THE FOLLOWING REFERENCE ++++
D. van der Spoel, E. Lindahl, B. Hess, G. Groenhof, A. E. Mark, H. J. C.
Berendsen
GROMACS: Fast, Flexible and Free
J. Comp. Chem. (2005)
DOI: 10.1002/jcc.20291
-------- -------- --- Thank You --- -------- --------


++++ PLEASE READ AND CITE THE FOLLOWING REFERENCE ++++
E. Lindahl, B. Hess, D. van der Spoel
GROMACS 3.0: A package for molecular simulation and trajectory analysis
J. Mol. Mod. (2001)
DOI: 10.1007/s008940100045
-------- -------- --- Thank You --- -------- --------


++++ PLEASE READ AND CITE THE FOLLOWING REFERENCE ++++
H. J. C. Berendsen, D. van der Spoel and R. van Drunen
GROMACS: A message-passing parallel molecular dynamics implementation
Comp. Phys. Comm. (1995)
DOI: 10.1016/0010-4655(95)00042-E
-------- -------- --- Thank You --- -------- --------

Input Parameters:
   integrator                     = md
   tinit                          = 0
   dt                             = 0.001
   nsteps                         = 100000
   init-step                      = 0
   simulation-part                = 1
   mts                            = false
   mass-repartition-factor        = 1
   comm-mode                      = Linear
   nstcomm                        = 10
   bd-fric                        = 0
   ld-seed                        = -1074082901
   emtol                          = 10
   emstep                         = 0.01
   niter                          = 20
   fcstep                         = 0
   nstcgsteep                     = 1000
   nbfgscorr                      = 10
   rtpi                           = 0.05
   nstxout                        = 1000
   nstvout                        = 1000
   nstfout                        = 0
   nstlog                         = 1000
   nstcalcenergy                  = 100
   nstenergy                      = 1000
   nstxout-compressed             = 0
   compressed-x-precision         = 1000
   cutoff-scheme                  = Verlet
   nstlist                        = 10
   pbc                            = xyz
   periodic-molecules             = false
   verlet-buffer-tolerance        = 0.005
   verlet-buffer-pressure-tolerance = 0.5
   rlist                          = 1
   coulombtype                    = PME
   coulomb-modifier               = Potential-shift
   rcoulomb-switch                = 0
   rcoulomb                       = 1
   epsilon-r                      = 1
   epsilon-rf                     = inf
   vdw-type                       = Cut-off
   vdw-modifier                   = Potential-shift
   rvdw-switch                    = 0
   rvdw                           = 1
   DispCorr                       = EnerPres
   table-extension                = 1
   fourierspacing                 = 0.12
   fourier-nx                     = 25
   fourier-ny                     = 25
   fourier-nz                     = 25
   pme-order                      = 4
   ewald-rtol                     = 1e-05
   ewald-rtol-lj                  = 0.001
   lj-pme-comb-rule               = Geometric
   ewald-geometry                 = 3d
   epsilon-surface                = 0
   ensemble-temperature-setting   = constant
   ensemble-temperature           = 300
   tcoupl                         = Berendsen
   nsttcouple                     = 100
   nh-chain-length                = 0
   print-nose-hoover-chain-variables = false
   pcoupl                         = Berendsen
   pcoupltype                     = Isotropic
   nstpcouple                     = 100
   tau-p                          = 1
   compressibility (3x3):
      compressibility[    0]={ 4.50000e-05,  0.00000e+00,  0.00000e+00}
      compressibility[    1]={ 0.00000e+00,  4.50000e-05,  0.00000e+00}
      compressibility[    2]={ 0.00000e+00,  0.00000e+00,  4.50000e-05}
   ref-p (3x3):
      ref-p[    0]={ 1.00000e+00,  0.00000e+00,  0.00000e+00}
      ref-p[    1]={ 0.00000e+00,  1.00000e+00,  0.00000e+00}
      ref-p[    2]={ 0.00000e+00,  0.00000e+00,  1.00000e+00}
   refcoord-scaling               = No
   posres-com (3):
      posres-com[0]= 0.00000e+00
      posres-com[1]= 0.00000e+00
      posres-com[2]= 0.00000e+00
   posres-comB (3):
      posres-comB[0]= 0.00000e+00
      posres-comB[1]= 0.00000e+00
      posres-comB[2]= 0.00000e+00
   QMMM                           = false
qm-opts:
   ngQM                           = 0
   constraint-algorithm           = Lincs
   continuation                   = false
   Shake-SOR                      = false
   shake-tol                      = 0.0001
   lincs-order                    = 4
   lincs-iter                     = 1
   lincs-warnangle                = 30
   nwall                          = 0
   wall-type                      = 9-3
   wall-r-linpot                  = -1
   wall-atomtype[0]               = -1
   wall-atomtype[1]               = -1
   wall-density[0]                = 0
   wall-density[1]                = 0
   wall-ewald-zfac                = 3
   pull                           = false
   awh                            = false
   rotation                       = false
   interactiveMD                  = false
   disre                          = No
   disre-weighting                = Conservative
   disre-mixed                    = false
   dr-fc                          = 1000
   dr-tau                         = 0
   nstdisreout                    = 100
   orire-fc                       = 0
   orire-tau                      = 0
   nstorireout                    = 100
   free-energy                    = no
   cos-acceleration               = 0
   deform (3x3):
      deform[    0]={ 0.00000e+00,  0.00000e+00,  0.00000e+00}
      deform[    1]={ 0.00000e+00,  0.00000e+00,  0.00000e+00}
      deform[    2]={ 0.00000e+00,  0.00000e+00,  0.00000e+00}
   simulated-tempering            = false
   swapcoords                     = no
   userint1                       = 0
   userint2                       = 0
   userint3                       = 0
   userint4                       = 0
   userreal1                      = 0
   userreal2                      = 0
   userreal3                      = 0
   userreal4                      = 0
   applied-forces:
     electric-field:
       x:
         E0                       = 0
         omega                    = 0
         t0                       = 0
         sigma                    = 0
       y:
         E0                       = 0
         omega                    = 0
         t0                       = 0
         sigma                    = 0
       z:
         E0                       = 0
         omega                    = 0
         t0                       = 0
         sigma                    = 0
     density-guided-simulation:
       active                     = false
       group                      = protein
       similarity-measure         = inner-product
       atom-spreading-weight      = unity
       force-constant             = 1e+09
       gaussian-transform-spreading-width = 0.2
       gaussian-transform-spreading-range-in-multiples-of-width = 4
       reference-density-filename = reference.mrc
       nst                        = 1
       normalize-densities        = true
       adaptive-force-scaling     = false
       adaptive-force-scaling-time-constant = 4
       shift-vector               = 
       transformation-matrix      = 
     qmmm-cp2k:
       active                     = false
       qmgroup                    = System
       qmmethod                   = PBE
       qmfilenames                = 
       qmcharge                   = 0
       qmmultiplicity             = 1
     colvars:
       active                     = false
       configfile                 = 
       seed                       = -1
grpopts:
   nrdf:        5301
   ref-t:         300
   tau-t:           1
annealing:          No
annealing-npoints:           0
   acc:	           0           0           0
   nfreeze:           N           N           N
   energygrp-flags[  0]: 0

Changing nstlist from 10 to 100, rlist from 1 to 1.113


Initializing Domain Decomposition on 1 ranks
Dynamic load balancing: auto
Using update groups, nr 884, average size 3.0 atoms, max. radius 0.078 nm
Minimum cell size due to atom displacement: 0.289 nm
Using 0 separate PME ranks because: there are too few total ranks for efficient splitting
Optimizing the DD grid for 1 cells with a minimum initial size of 0.289 nm
The maximum allowed number of cells is: X 10 Y 10 Z 10
Domain decomposition grid 1 x 1 x 1, separate PME ranks 0
PME domain decomposition: 1 x 1 x 1

The initial number of communication pulses is:
The initial domain decomposition cell size is:

When dynamic load balancing gets turned on, these settings will change to:
The maximum number of communication pulses is:
The minimum size for domain decomposition cells is 1.269 nm
The requested allowed shrink of DD cells (option -dds) is: 0.80
The allowed shrink of domain decomposition cells is:

Using 1 MPI thread
Using 16 OpenMP threads 

System total charge: 0.000
Will do PME sum in reciprocal space for electrostatic interactions.

++++ PLEASE READ AND CITE THE FOLLOWING REFERENCE ++++
U. Essmann, L. Perera, M. L. Berkowitz, T. Darden, H. Lee, L. G. Pedersen 
A smooth particle mesh Ewald method
J. Chem. Phys. (1995)
DOI: 10.1063/1.470117
-------- -------- --- Thank You --- -------- --------

Using a Gaussian width (1/beta) of 0.320163 nm for Ewald
Potential shift: LJ r^-12: -1.000e+00 r^-6: -1.000e+00, Ewald -1.000e-05
Initialized non-bonded Coulomb Ewald tables, spacing: 9.33e-04 size: 1073

Long Range LJ corr.: <C6> 2.7663e-04


Using SIMD4xM 4x4 nonbonded short-range kernels

Using a dual 4x4 pair-list setup updated with dynamic pruning:
  outer list: updated every 100 steps, buffer 0.113 nm, rlist 1.113 nm
  inner list: updated every  20 steps, buffer 0.000 nm, rlist 1.000 nm
At tolerance 0.005 kJ/mol/ps per atom, equivalent classical 1x1 list would be:
  outer list: updated every 100 steps, buffer 0.239 nm, rlist 1.239 nm
  inner list: updated every  20 steps, buffer 0.039 nm, rlist 1.039 nm

The average pressure is off by at most 0.36 bar due to missing LJ interactions

Using Geometric Lennard-Jones combination rule
Removing pbc first time

Linking all bonded interactions to atoms


NOTE: The number of threads is not equal to the number of (logical) cpus
      and the -pin option is set to auto: will not pin threads to cpus.
      This can lead to significant performance degradation.
      Consider using -pin on (and -pinoffset in case you run multiple jobs).

++++ PLEASE READ AND CITE THE FOLLOWING REFERENCE ++++
S. Miyamoto, P. A. Kollman
SETTLE: An Analytical Version of the SHAKE and RATTLE Algorithms for Rigid
Water Models
J. Comp. Chem. (1992)
DOI: 10.1002/jcc.540130805
-------- -------- --- Thank You --- -------- --------


++++ PLEASE READ AND CITE THE FOLLOWING REFERENCE ++++
H. J. C. Berendsen, J. P. M. Postma, A. DiNola and J. R. Haak
Molecular dynamics with coupling to an external bath
J. Chem. Phys. (1984)
DOI: 10.1063/1.448118
-------- -------- --- Thank You --- -------- --------

There are: 2652 Atoms

Atom distribution over 1 domains: av 2652 stddev 0 min 2652 max 2652

Constraining the starting coordinates (step 0)

Constraining the coordinates at t0-dt (step 0)
Center of mass motion removal mode is Linear
We have the following groups for center of mass motion removal:
  0:  rest
RMS relative constraint deviation after constraining: 0.00e+00
Initial temperature: 310.234 K

Started mdrun on rank 0 Wed Nov 20 00:02:46 2024

           Step           Time
              0        0.00000

   Energies (kJ/mol)
        LJ (SR)  Disper. corr.   Coulomb (SR)   Coul. recip.      Potential
    6.15047e+03   -3.01474e+02   -4.31845e+04    3.21117e+02   -3.70144e+04
    Kinetic En.   Total Energy  Conserved En.    Temperature Pres. DC (bar)
    6.84157e+03   -3.01728e+04   -3.01531e+04    3.10451e+02   -1.85636e+02
 Pressure (bar)
   -7.55058e+02

           Step           Time
           1000        1.00000

   Energies (kJ/mol)
        LJ (SR)  Disper. corr.   Coulomb (SR)   Coul. recip.      Potential
    5.73724e+03   -3.05968e+02   -4.16392e+04    1.92197e+02   -3.60157e+04
    Kinetic En.   Total Energy  Conserved En.    Temperature Pres. DC (bar)
    6.21136e+03   -2.98044e+04   -3.01536e+04    2.81854e+02   -1.91205e+02
 Pressure (bar)
   -2.30860e+02

           Step           Time
           2000        2.00000

   Energies (kJ/mol)
        LJ (SR)  Disper. corr.   Coulomb (SR)   Coul. recip.      Potential
    5.64882e+03   -3.06164e+02   -4.14228e+04    2.15690e+02   -3.58644e+04
    Kinetic En.   Total Energy  Conserved En.    Temperature Pres. DC (bar)
    6.29319e+03   -2.95712e+04   -3.01535e+04    2.85567e+02   -1.91451e+02
 Pressure (bar)
   -2.12272e+02

           Step           Time
           3000        3.00000

   Energies (kJ/mol)
        LJ (SR)  Disper. corr.   Coulomb (SR)   Coul. recip.      Potential
    5.99358e+03   -3.07408e+02   -4.18106e+04    1.78780e+02   -3.59457e+04
    Kinetic En.   Total Energy  Conserved En.    Temperature Pres. DC (bar)
    6.60865e+03   -2.93370e+04   -3.01629e+04    2.99882e+02   -1.93007e+02
 Pressure (bar)
    5.51234e+02

           Step           Time
           4000        4.00000

   Energies (kJ/mol)
        LJ (SR)  Disper. corr.   Coulomb (SR)   Coul. recip.      Potential
    5.92292e+03   -3.03639e+02   -4.14925e+04    1.92008e+02   -3.56812e+04
    Kinetic En.   Total Energy  Conserved En.    Temperature Pres. DC (bar)
    6.53922e+03   -2.91419e+04   -3.01566e+04    2.96732e+02   -1.88309e+02
 Pressure (bar)
    3.46169e+02

           Step           Time
           5000        5.00000

   Energies (kJ/mol)
        LJ (SR)  Disper. corr.   Coulomb (SR)   Coul. recip.      Potential
    5.55638e+03   -3.00815e+02   -4.09217e+04    2.17137e+02   -3.54490e+04
    Kinetic En.   Total Energy  Conserved En.    Temperature Pres. DC (bar)
    6.48605e+03   -2.89630e+04   -3.01407e+04    2.94319e+02   -1.84827e+02
 Pressure (bar)
   -3.20367e+02

           Step           Time
           6000        6.00000

   Energies (kJ/mol)
        LJ (SR)  Disper. corr.   Coulomb (SR)   Coul. recip.      Potential
    5.55710e+03   -3.02156e+02   -4.09833e+04    2.08652e+02   -3.55197e+04
    Kinetic En.   Total Energy  Conserved En.    Temperature Pres. DC (bar)
    6.62281e+03   -2.88969e+04   -3.01417e+04    3.00525e+02   -1.86476e+02
 Pressure (bar)
   -2.09603e+02

           Step           Time
           7000        7.00000

   Energies (kJ/mol)
        LJ (SR)  Disper. corr.   Coulomb (SR)   Coul. recip.      Potential
    5.60860e+03   -3.02438e+02   -4.10325e+04    2.42652e+02   -3.54836e+04
    Kinetic En.   Total Energy  Conserved En.    Temperature Pres. DC (bar)
    6.63167e+03   -2.88520e+04   -3.01406e+04    3.00927e+02   -1.86824e+02
 Pressure (bar)
   -1.27471e+02

           Step           Time
           8000        8.00000

   Energies (kJ/mol)
        LJ (SR)  Disper. corr.   Coulomb (SR)   Coul. recip.      Potential
    5.52884e+03   -3.03320e+02   -4.07237e+04    2.17462e+02   -3.52807e+04
    Kinetic En.   Total Energy  Conserved En.    Temperature Pres. DC (bar)
    6.40090e+03   -2.88798e+04   -3.01389e+04    2.90455e+02   -1.87914e+02
 Pressure (bar)
   -9.57993e+01

           Step           Time
           9000        9.00000

   Energies (kJ/mol)
        LJ (SR)  Disper. corr.   Coulomb (SR)   Coul. recip.      Potential
    5.53395e+03   -3.06921e+02   -4.08942e+04    2.06723e+02   -3.54605e+04
    Kinetic En.   Total Energy  Conserved En.    Temperature Pres. DC (bar)
    6.55204e+03   -2.89084e+04   -3.01372e+04    2.97313e+02   -1.92397e+02
 Pressure (bar)
    6.96142e+01

           Step           Time
          10000       10.00000

   Energies (kJ/mol)
        LJ (SR)  Disper. corr.   Coulomb (SR)   Coul. recip.      Potential
    5.77245e+03   -3.05549e+02   -4.12055e+04    2.25373e+02   -3.55132e+04
    Kinetic En.   Total Energy  Conserved En.    Temperature Pres. DC (bar)
    6.66185e+03   -2.88514e+04   -3.01411e+04    3.02296e+02   -1.90682e+02
 Pressure (bar)
    4.06404e+02

           Step           Time
          11000       11.00000

   Energies (kJ/mol)
        LJ (SR)  Disper. corr.   Coulomb (SR)   Coul. recip.      Potential
    5.66041e+03   -3.04732e+02   -4.10479e+04    2.24129e+02   -3.54681e+04
    Kinetic En.   Total Energy  Conserved En.    Temperature Pres. DC (bar)
    6.66663e+03   -2.88015e+04   -3.01346e+04    3.02513e+02   -1.89665e+02
 Pressure (bar)
    1.65171e+02

           Step           Time
          12000       12.00000

   Energies (kJ/mol)
        LJ (SR)  Disper. corr.   Coulomb (SR)   Coul. recip.      Potential
    5.50074e+03   -3.04265e+02   -4.08349e+04    2.25982e+02   -3.54124e+04
    Kinetic En.   Total Energy  Conserved En.    Temperature Pres. DC (bar)
    6.63587e+03   -2.87766e+04   -3.01263e+04    3.01117e+02   -1.89086e+02
 Pressure (bar)
   -1.61612e+02

           Step           Time
          13000       13.00000

   Energies (kJ/mol)
        LJ (SR)  Disper. corr.   Coulomb (SR)   Coul. recip.      Potential
    5.39365e+03   -3.03747e+02   -4.08222e+04    2.10992e+02   -3.55213e+04
    Kinetic En.   Total Energy  Conserved En.    Temperature Pres. DC (bar)
    6.71942e+03   -2.88019e+04   -3.01124e+04    3.04909e+02   -1.88443e+02
 Pressure (bar)
   -5.55290e+02

           Step           Time
          14000       14.00000

   Energies (kJ/mol)
        LJ (SR)  Disper. corr.   Coulomb (SR)   Coul. recip.      Potential
    5.65668e+03   -3.03222e+02   -4.09720e+04    2.14760e+02   -3.54038e+04
    Kinetic En.   Total Energy  Conserved En.    Temperature Pres. DC (bar)
    6.58171e+03   -2.88221e+04   -3.01211e+04    2.98660e+02   -1.87793e+02
 Pressure (bar)
   -6.46871e-01

           Step           Time
          15000       15.00000

   Energies (kJ/mol)
        LJ (SR)  Disper. corr.   Coulomb (SR)   Coul. recip.      Potential
    5.30263e+03   -3.00271e+02   -4.05963e+04    2.10641e+02   -3.53833e+04
    Kinetic En.   Total Energy  Conserved En.    Temperature Pres. DC (bar)
    6.58403e+03   -2.87992e+04   -3.01004e+04    2.98765e+02   -1.84160e+02
 Pressure (bar)
   -7.01048e+02

           Step           Time
          16000       16.00000

   Energies (kJ/mol)
        LJ (SR)  Disper. corr.   Coulomb (SR)   Coul. recip.      Potential
    5.50141e+03   -3.02140e+02   -4.06499e+04    2.07658e+02   -3.52430e+04
    Kinetic En.   Total Energy  Conserved En.    Temperature Pres. DC (bar)
    6.45877e+03   -2.87842e+04   -3.01091e+04    2.93081e+02   -1.86457e+02
 Pressure (bar)
   -2.02161e+02

           Step           Time
          17000       17.00000

   Energies (kJ/mol)
        LJ (SR)  Disper. corr.   Coulomb (SR)   Coul. recip.      Potential
    5.70898e+03   -3.01009e+02   -4.11774e+04    2.14899e+02   -3.55545e+04
    Kinetic En.   Total Energy  Conserved En.    Temperature Pres. DC (bar)
    6.76049e+03   -2.87940e+04   -3.01075e+04    3.06772e+02   -1.85065e+02
 Pressure (bar)
   -5.79918e+01

           Step           Time
          18000       18.00000

   Energies (kJ/mol)
        LJ (SR)  Disper. corr.   Coulomb (SR)   Coul. recip.      Potential
    5.45261e+03   -2.99602e+02   -4.06320e+04    2.15388e+02   -3.52636e+04
    Kinetic En.   Total Energy  Conserved En.    Temperature Pres. DC (bar)
    6.49758e+03   -2.87660e+04   -3.01007e+04    2.94842e+02   -1.83341e+02
 Pressure (bar)
   -2.75796e+02

           Step           Time
          19000       19.00000

   Energies (kJ/mol)
        LJ (SR)  Disper. corr.   Coulomb (SR)   Coul. recip.      Potential
    5.59666e+03   -2.98389e+02   -4.06226e+04    2.29514e+02   -3.50948e+04
    Kinetic En.   Total Energy  Conserved En.    Temperature Pres. DC (bar)
    6.42752e+03   -2.86673e+04   -3.01016e+04    2.91663e+02   -1.81861e+02
 Pressure (bar)
   -4.77640e+01

           Step           Time
          20000       20.00000

   Energies (kJ/mol)
        LJ (SR)  Disper. corr.   Coulomb (SR)   Coul. recip.      Potential
    5.65609e+03   -2.98952e+02   -4.06560e+04    2.01992e+02   -3.50969e+04
    Kinetic En.   Total Energy  Conserved En.    Temperature Pres. DC (bar)
    6.41888e+03   -2.86780e+04   -3.01034e+04    2.91271e+02   -1.82547e+02
 Pressure (bar)
    7.35196e+01

           Step           Time
          21000       21.00000

   Energies (kJ/mol)
        LJ (SR)  Disper. corr.   Coulomb (SR)   Coul. recip.      Potential
    5.75668e+03   -2.99279e+02   -4.08445e+04    2.64981e+02   -3.51221e+04
    Kinetic En.   Total Energy  Conserved En.    Temperature Pres. DC (bar)
    6.44908e+03   -2.86730e+04   -3.01016e+04    2.92641e+02   -1.82946e+02
 Pressure (bar)
    1.60369e+02

           Step           Time
          22000       22.00000

   Energies (kJ/mol)
        LJ (SR)  Disper. corr.   Coulomb (SR)   Coul. recip.      Potential
    5.50483e+03   -2.99984e+02   -4.08068e+04    2.34903e+02   -3.53670e+04
    Kinetic En.   Total Energy  Conserved En.    Temperature Pres. DC (bar)
    6.66158e+03   -2.87054e+04   -3.00903e+04    3.02284e+02   -1.83809e+02
 Pressure (bar)
   -2.59062e+02

           Step           Time
          23000       23.00000

   Energies (kJ/mol)
        LJ (SR)  Disper. corr.   Coulomb (SR)   Coul. recip.      Potential
    5.80110e+03   -2.99623e+02   -4.09402e+04    2.15616e+02   -3.52231e+04
    Kinetic En.   Total Energy  Conserved En.    Temperature Pres. DC (bar)
    6.51012e+03   -2.87130e+04   -3.00983e+04    2.95411e+02   -1.83366e+02
 Pressure (bar)
    3.04709e+02

           Step           Time
          24000       24.00000

   Energies (kJ/mol)
        LJ (SR)  Disper. corr.   Coulomb (SR)   Coul. recip.      Potential
    5.44956e+03   -3.01459e+02   -4.07002e+04    2.18219e+02   -3.53338e+04
    Kinetic En.   Total Energy  Conserved En.    Temperature Pres. DC (bar)
    6.59706e+03   -2.87368e+04   -3.00808e+04    2.99356e+02   -1.85618e+02
 Pressure (bar)
   -4.00287e+02

           Step           Time
          25000       25.00000

   Energies (kJ/mol)
        LJ (SR)  Disper. corr.   Coulomb (SR)   Coul. recip.      Potential
    5.62536e+03   -3.02537e+02   -4.08730e+04    2.11293e+02   -3.53389e+04
    Kinetic En.   Total Energy  Conserved En.    Temperature Pres. DC (bar)
    6.63023e+03   -2.87086e+04   -3.00843e+04    3.00861e+02   -1.86947e+02
 Pressure (bar)
   -5.79098e+01

           Step           Time
          26000       26.00000

   Energies (kJ/mol)
        LJ (SR)  Disper. corr.   Coulomb (SR)   Coul. recip.      Potential
    5.93087e+03   -3.01090e+02   -4.09910e+04    2.19875e+02   -3.51414e+04
    Kinetic En.   Total Energy  Conserved En.    Temperature Pres. DC (bar)
    6.44910e+03   -2.86923e+04   -3.00929e+04    2.92642e+02   -1.85164e+02
 Pressure (bar)
    6.92395e+02

           Step           Time
          27000       27.00000

   Energies (kJ/mol)
        LJ (SR)  Disper. corr.   Coulomb (SR)   Coul. recip.      Potential
    5.47237e+03   -3.01240e+02   -4.05582e+04    2.04936e+02   -3.51821e+04
    Kinetic En.   Total Energy  Conserved En.    Temperature Pres. DC (bar)
    6.46026e+03   -2.87219e+04   -3.00755e+04    2.93149e+02   -1.85349e+02
 Pressure (bar)
   -2.14624e+02

           Step           Time
          28000       28.00000

   Energies (kJ/mol)
        LJ (SR)  Disper. corr.   Coulomb (SR)   Coul. recip.      Potential
    5.69258e+03   -3.05695e+02   -4.08759e+04    2.60685e+02   -3.52283e+04
    Kinetic En.   Total Energy  Conserved En.    Temperature Pres. DC (bar)
    6.50503e+03   -2.87233e+04   -3.00806e+04    2.95180e+02   -1.90865e+02
 Pressure (bar)
    2.72788e+02

           Step           Time
          29000       29.00000

   Energies (kJ/mol)
        LJ (SR)  Disper. corr.   Coulomb (SR)   Coul. recip.      Potential
    5.86307e+03   -3.02333e+02   -4.12336e+04    2.36153e+02   -3.54368e+04
    Kinetic En.   Total Energy  Conserved En.    Temperature Pres. DC (bar)
    6.70233e+03   -2.87344e+04   -3.00813e+04    3.04133e+02   -1.86694e+02
 Pressure (bar)
    5.11986e+02

           Step           Time
          30000       30.00000

   Energies (kJ/mol)
        LJ (SR)  Disper. corr.   Coulomb (SR)   Coul. recip.      Potential
    5.26075e+03   -3.02617e+02   -4.04521e+04    2.25663e+02   -3.52683e+04
    Kinetic En.   Total Energy  Conserved En.    Temperature Pres. DC (bar)
    6.50674e+03   -2.87615e+04   -3.00541e+04    2.95258e+02   -1.87045e+02
 Pressure (bar)
   -6.40179e+02

           Step           Time
          31000       31.00000

   Energies (kJ/mol)
        LJ (SR)  Disper. corr.   Coulomb (SR)   Coul. recip.      Potential
    5.71929e+03   -3.03550e+02   -4.10175e+04    2.07501e+02   -3.53942e+04
    Kinetic En.   Total Energy  Conserved En.    Temperature Pres. DC (bar)
    6.58595e+03   -2.88083e+04   -3.00704e+04    2.98852e+02   -1.88199e+02
 Pressure (bar)
    1.98889e+02

           Step           Time
          32000       32.00000

   Energies (kJ/mol)
        LJ (SR)  Disper. corr.   Coulomb (SR)   Coul. recip.      Potential
    5.43704e+03   -3.04480e+02   -4.08775e+04    2.28085e+02   -3.55168e+04
    Kinetic En.   Total Energy  Conserved En.    Temperature Pres. DC (bar)
    6.74042e+03   -2.87764e+04   -3.00580e+04    3.05862e+02   -1.89353e+02
 Pressure (bar)
   -3.01838e+02

           Step           Time
          33000       33.00000

   Energies (kJ/mol)
        LJ (SR)  Disper. corr.   Coulomb (SR)   Coul. recip.      Potential
    5.53141e+03   -3.07521e+02   -4.09424e+04    2.02470e+02   -3.55160e+04
    Kinetic En.   Total Energy  Conserved En.    Temperature Pres. DC (bar)
    6.64376e+03   -2.88723e+04   -3.00602e+04    3.01476e+02   -1.93149e+02
 Pressure (bar)
   -6.47055e+01

           Step           Time
          34000       34.00000

   Energies (kJ/mol)
        LJ (SR)  Disper. corr.   Coulomb (SR)   Coul. recip.      Potential
    5.86022e+03   -3.04666e+02   -4.13655e+04    2.17494e+02   -3.55925e+04
    Kinetic En.   Total Energy  Conserved En.    Temperature Pres. DC (bar)
    6.75196e+03   -2.88405e+04   -3.00632e+04    3.06385e+02   -1.89583e+02
 Pressure (bar)
    3.90204e+02

           Step           Time
          35000       35.00000

   Energies (kJ/mol)
        LJ (SR)  Disper. corr.   Coulomb (SR)   Coul. recip.      Potential
    5.54618e+03   -3.04984e+02   -4.09711e+04    2.07118e+02   -3.55228e+04
    Kinetic En.   Total Energy  Conserved En.    Temperature Pres. DC (bar)
    6.65496e+03   -2.88679e+04   -3.00479e+04    3.01984e+02   -1.89979e+02
 Pressure (bar)
   -2.06612e+02

           Step           Time
          36000       36.00000

   Energies (kJ/mol)
        LJ (SR)  Disper. corr.   Coulomb (SR)   Coul. recip.      Potential
    5.36143e+03   -3.02875e+02   -4.07690e+04    2.22207e+02   -3.54882e+04
    Kinetic En.   Total Energy  Conserved En.    Temperature Pres. DC (bar)
    6.63487e+03   -2.88533e+04   -3.00374e+04    3.01072e+02   -1.87364e+02
 Pressure (bar)
   -5.50745e+02

           Step           Time
          37000       37.00000

   Energies (kJ/mol)
        LJ (SR)  Disper. corr.   Coulomb (SR)   Coul. recip.      Potential
    5.54094e+03   -3.02818e+02   -4.10222e+04    2.18093e+02   -3.55659e+04
    Kinetic En.   Total Energy  Conserved En.    Temperature Pres. DC (bar)
    6.73195e+03   -2.88340e+04   -3.00423e+04    3.05477e+02   -1.87293e+02
 Pressure (bar)
   -2.57172e+02

           Step           Time
          38000       38.00000

   Energies (kJ/mol)
        LJ (SR)  Disper. corr.   Coulomb (SR)   Coul. recip.      Potential
    5.45077e+03   -3.04251e+02   -4.07243e+04    2.42401e+02   -3.53354e+04
    Kinetic En.   Total Energy  Conserved En.    Temperature Pres. DC (bar)
    6.53320e+03   -2.88022e+04   -3.00400e+04    2.96459e+02   -1.89068e+02
 Pressure (bar)
   -1.86907e+02

           Step           Time
          39000       39.00000

   Energies (kJ/mol)
        LJ (SR)  Disper. corr.   Coulomb (SR)   Coul. recip.      Potential
    5.64550e+03   -3.04167e+02   -4.08463e+04    2.19341e+02   -3.52856e+04
    Kinetic En.   Total Energy  Conserved En.    Temperature Pres. DC (bar)
    6.53995e+03   -2.87457e+04   -3.00426e+04    2.96765e+02   -1.88963e+02
 Pressure (bar)
    1.16428e+02

           Step           Time
          40000       40.00000

   Energies (kJ/mol)
        LJ (SR)  Disper. corr.   Coulomb (SR)   Coul. recip.      Potential
    5.46615e+03   -3.04979e+02   -4.06530e+04    2.22645e+02   -3.52691e+04
    Kinetic En.   Total Energy  Conserved En.    Temperature Pres. DC (bar)
    6.53234e+03   -2.87368e+04   -3.00355e+04    2.96419e+02   -1.89973e+02
 Pressure (bar)
   -1.68682e+02

           Step           Time
          41000       41.00000

   Energies (kJ/mol)
        LJ (SR)  Disper. corr.   Coulomb (SR)   Coul. recip.      Potential
    5.65011e+03   -3.03016e+02   -4.08549e+04    2.17574e+02   -3.52903e+04
    Kinetic En.   Total Energy  Conserved En.    Temperature Pres. DC (bar)
    6.60543e+03   -2.86848e+04   -3.00398e+04    2.99736e+02   -1.87538e+02
 Pressure (bar)
    2.03845e+02

           Step           Time
          42000       42.00000

   Energies (kJ/mol)
        LJ (SR)  Disper. corr.   Coulomb (SR)   Coul. recip.      Potential
    5.38868e+03   -3.01344e+02   -4.06528e+04    2.48486e+02   -3.53169e+04
    Kinetic En.   Total Energy  Conserved En.    Temperature Pres. DC (bar)
    6.66590e+03   -2.86510e+04   -3.00219e+04    3.02480e+02   -1.85476e+02
 Pressure (bar)
   -5.62219e+02

           Step           Time
          43000       43.00000

   Energies (kJ/mol)
        LJ (SR)  Disper. corr.   Coulomb (SR)   Coul. recip.      Potential
    5.70471e+03   -3.04853e+02   -4.08713e+04    2.09110e+02   -3.52624e+04
    Kinetic En.   Total Energy  Conserved En.    Temperature Pres. DC (bar)
    6.60146e+03   -2.86609e+04   -3.00381e+04    2.99556e+02   -1.89816e+02
 Pressure (bar)
    4.70527e+02

           Step           Time
          44000       44.00000

   Energies (kJ/mol)
        LJ (SR)  Disper. corr.   Coulomb (SR)   Coul. recip.      Potential
    5.66358e+03   -3.03156e+02   -4.09485e+04    2.31188e+02   -3.53568e+04
    Kinetic En.   Total Energy  Conserved En.    Temperature Pres. DC (bar)
    6.67206e+03   -2.86848e+04   -3.00298e+04    3.02760e+02   -1.87711e+02
 Pressure (bar)
    1.77691e+02

           Step           Time
          45000       45.00000

   Energies (kJ/mol)
        LJ (SR)  Disper. corr.   Coulomb (SR)   Coul. recip.      Potential
    5.73126e+03   -3.04731e+02   -4.10165e+04    2.06711e+02   -3.53833e+04
    Kinetic En.   Total Energy  Conserved En.    Temperature Pres. DC (bar)
    6.66844e+03   -2.87149e+04   -3.00303e+04    3.02596e+02   -1.89665e+02
 Pressure (bar)
    3.23414e+02

           Step           Time
          46000       46.00000

   Energies (kJ/mol)
        LJ (SR)  Disper. corr.   Coulomb (SR)   Coul. recip.      Potential
    5.50459e+03   -3.03787e+02   -4.08894e+04    2.15716e+02   -3.54729e+04
    Kinetic En.   Total Energy  Conserved En.    Temperature Pres. DC (bar)
    6.77592e+03   -2.86970e+04   -3.00162e+04    3.07472e+02   -1.88492e+02
 Pressure (bar)
   -2.66284e+02

           Step           Time
          47000       47.00000

   Energies (kJ/mol)
        LJ (SR)  Disper. corr.   Coulomb (SR)   Coul. recip.      Potential
    5.35631e+03   -3.04151e+02   -4.04457e+04    2.13025e+02   -3.51805e+04
    Kinetic En.   Total Energy  Conserved En.    Temperature Pres. DC (bar)
    6.42413e+03   -2.87564e+04   -3.00113e+04    2.91509e+02   -1.88945e+02
 Pressure (bar)
   -3.88292e+02

           Step           Time
          48000       48.00000

   Energies (kJ/mol)
        LJ (SR)  Disper. corr.   Coulomb (SR)   Coul. recip.      Potential
    5.50879e+03   -3.04390e+02   -4.08468e+04    2.28173e+02   -3.54142e+04
    Kinetic En.   Total Energy  Conserved En.    Temperature Pres. DC (bar)
    6.69398e+03   -2.87202e+04   -3.00112e+04    3.03754e+02   -1.89240e+02
 Pressure (bar)
   -2.40798e+02

           Step           Time
          49000       49.00000

   Energies (kJ/mol)
        LJ (SR)  Disper. corr.   Coulomb (SR)   Coul. recip.      Potential
    5.37898e+03   -3.03175e+02   -4.05435e+04    2.07354e+02   -3.52604e+04
    Kinetic En.   Total Energy  Conserved En.    Temperature Pres. DC (bar)
    6.57568e+03   -2.86847e+04   -3.00031e+04    2.98386e+02   -1.87734e+02
 Pressure (bar)
   -4.58624e+02

           Step           Time
          50000       50.00000

   Energies (kJ/mol)
        LJ (SR)  Disper. corr.   Coulomb (SR)   Coul. recip.      Potential
    5.56083e+03   -3.05276e+02   -4.07354e+04    2.14255e+02   -3.52655e+04
    Kinetic En.   Total Energy  Conserved En.    Temperature Pres. DC (bar)
    6.61725e+03   -2.86483e+04   -3.00102e+04    3.00273e+02   -1.90342e+02
 Pressure (bar)
    1.85833e+01

           Step           Time
          51000       51.00000

   Energies (kJ/mol)
        LJ (SR)  Disper. corr.   Coulomb (SR)   Coul. recip.      Potential
    5.48166e+03   -3.02863e+02   -4.07667e+04    2.28879e+02   -3.53590e+04
    Kinetic En.   Total Energy  Conserved En.    Temperature Pres. DC (bar)
    6.69644e+03   -2.86626e+04   -3.00026e+04    3.03866e+02   -1.87349e+02
 Pressure (bar)
   -1.71237e+02

           Step           Time
          52000       52.00000

   Energies (kJ/mol)
        LJ (SR)  Disper. corr.   Coulomb (SR)   Coul. recip.      Potential
    5.50372e+03   -3.04018e+02   -4.08544e+04    1.96462e+02   -3.54583e+04
    Kinetic En.   Total Energy  Conserved En.    Temperature Pres. DC (bar)
    6.68689e+03   -2.87714e+04   -2.99992e+04    3.03432e+02   -1.88779e+02
 Pressure (bar)
   -1.64145e+02

           Step           Time
          53000       53.00000

   Energies (kJ/mol)
        LJ (SR)  Disper. corr.   Coulomb (SR)   Coul. recip.      Potential
    5.87433e+03   -3.04286e+02   -4.12020e+04    2.24837e+02   -3.54071e+04
    Kinetic En.   Total Energy  Conserved En.    Temperature Pres. DC (bar)
    6.62428e+03   -2.87828e+04   -3.00084e+04    3.00591e+02   -1.89112e+02
 Pressure (bar)
    5.85521e+02

           Step           Time
          54000       54.00000

   Energies (kJ/mol)
        LJ (SR)  Disper. corr.   Coulomb (SR)   Coul. recip.      Potential
    5.97827e+03   -3.02316e+02   -4.12889e+04    1.95566e+02   -3.54174e+04
    Kinetic En.   Total Energy  Conserved En.    Temperature Pres. DC (bar)
    6.55878e+03   -2.88586e+04   -3.00072e+04    2.97619e+02   -1.86674e+02
 Pressure (bar)
    7.72029e+02

           Step           Time
          55000       55.00000

   Energies (kJ/mol)
        LJ (SR)  Disper. corr.   Coulomb (SR)   Coul. recip.      Potential
    5.55355e+03   -3.02059e+02   -4.08235e+04    2.20647e+02   -3.53514e+04
    Kinetic En.   Total Energy  Conserved En.    Temperature Pres. DC (bar)
    6.54945e+03   -2.88019e+04   -2.99919e+04    2.97196e+02   -1.86357e+02
 Pressure (bar)
   -7.48866e+01

           Step           Time
          56000       56.00000

   Energies (kJ/mol)
        LJ (SR)  Disper. corr.   Coulomb (SR)   Coul. recip.      Potential
    5.55637e+03   -3.02256e+02   -4.10788e+04    2.04496e+02   -3.56202e+04
    Kinetic En.   Total Energy  Conserved En.    Temperature Pres. DC (bar)
    6.81288e+03   -2.88073e+04   -2.99855e+04    3.09150e+02   -1.86600e+02
 Pressure (bar)
   -2.39913e+02

           Step           Time
          57000       57.00000

   Energies (kJ/mol)
        LJ (SR)  Disper. corr.   Coulomb (SR)   Coul. recip.      Potential
    5.63165e+03   -3.04353e+02   -4.10123e+04    2.47081e+02   -3.54380e+04
    Kinetic En.   Total Energy  Conserved En.    Temperature Pres. DC (bar)
    6.61037e+03   -2.88276e+04   -2.99869e+04    2.99960e+02   -1.89195e+02
 Pressure (bar)
    8.64819e+01

           Step           Time
          58000       58.00000

   Energies (kJ/mol)
        LJ (SR)  Disper. corr.   Coulomb (SR)   Coul. recip.      Potential
    5.50851e+03   -3.05806e+02   -4.07864e+04    2.11339e+02   -3.53724e+04
    Kinetic En.   Total Energy  Conserved En.    Temperature Pres. DC (bar)
    6.60962e+03   -2.87627e+04   -2.99808e+04    2.99926e+02   -1.91003e+02
 Pressure (bar)
   -6.46912e+01

           Step           Time
          59000       59.00000

   Energies (kJ/mol)
        LJ (SR)  Disper. corr.   Coulomb (SR)   Coul. recip.      Potential
    5.73770e+03   -3.04926e+02   -4.10215e+04    2.37650e+02   -3.53511e+04
    Kinetic En.   Total Energy  Conserved En.    Temperature Pres. DC (bar)
    6.54866e+03   -2.88024e+04   -2.99815e+04    2.97160e+02   -1.89907e+02
 Pressure (bar)
    3.06480e+02

           Step           Time
          60000       60.00000

   Energies (kJ/mol)
        LJ (SR)  Disper. corr.   Coulomb (SR)   Coul. recip.      Potential
    5.56512e+03   -3.04108e+02   -4.08991e+04    2.21475e+02   -3.54166e+04
    Kinetic En.   Total Energy  Conserved En.    Temperature Pres. DC (bar)
    6.62755e+03   -2.87891e+04   -2.99732e+04    3.00740e+02   -1.88891e+02
 Pressure (bar)
   -8.95990e+01

           Step           Time
          61000       61.00000

   Energies (kJ/mol)
        LJ (SR)  Disper. corr.   Coulomb (SR)   Coul. recip.      Potential
    5.60262e+03   -3.02108e+02   -4.09333e+04    2.15801e+02   -3.54170e+04
    Kinetic En.   Total Energy  Conserved En.    Temperature Pres. DC (bar)
    6.66011e+03   -2.87569e+04   -2.99703e+04    3.02217e+02   -1.86417e+02
 Pressure (bar)
   -5.33154e+01

           Step           Time
          62000       62.00000

   Energies (kJ/mol)
        LJ (SR)  Disper. corr.   Coulomb (SR)   Coul. recip.      Potential
    5.56793e+03   -3.01229e+02   -4.06467e+04    2.19535e+02   -3.51605e+04
    Kinetic En.   Total Energy  Conserved En.    Temperature Pres. DC (bar)
    6.44341e+03   -2.87171e+04   -2.99687e+04    2.92384e+02   -1.85336e+02
 Pressure (bar)
   -2.04885e+01

           Step           Time
          63000       63.00000

   Energies (kJ/mol)
        LJ (SR)  Disper. corr.   Coulomb (SR)   Coul. recip.      Potential
    5.50638e+03   -3.00151e+02   -4.09717e+04    1.83684e+02   -3.55818e+04
    Kinetic En.   Total Energy  Conserved En.    Temperature Pres. DC (bar)
    6.84710e+03   -2.87347e+04   -2.99572e+04    3.10702e+02   -1.84013e+02
 Pressure (bar)
   -3.67754e+02

           Step           Time
          64000       64.00000

   Energies (kJ/mol)
        LJ (SR)  Disper. corr.   Coulomb (SR)   Coul. recip.      Potential
    5.57306e+03   -3.03257e+02   -4.08439e+04    2.47547e+02   -3.53266e+04
    Kinetic En.   Total Energy  Conserved En.    Temperature Pres. DC (bar)
    6.55592e+03   -2.87707e+04   -2.99624e+04    2.97490e+02   -1.87836e+02
 Pressure (bar)
    7.40518e+01

           Step           Time
          65000       65.00000

   Energies (kJ/mol)
        LJ (SR)  Disper. corr.   Coulomb (SR)   Coul. recip.      Potential
    5.45386e+03   -3.02123e+02   -4.06963e+04    2.05426e+02   -3.53391e+04
    Kinetic En.   Total Energy  Conserved En.    Temperature Pres. DC (bar)
    6.58481e+03   -2.87543e+04   -2.99536e+04    2.98800e+02   -1.86436e+02
 Pressure (bar)
   -3.15295e+02

           Step           Time
          66000       66.00000

   Energies (kJ/mol)
        LJ (SR)  Disper. corr.   Coulomb (SR)   Coul. recip.      Potential
    5.54872e+03   -3.04142e+02   -4.09665e+04    2.13331e+02   -3.55086e+04
    Kinetic En.   Total Energy  Conserved En.    Temperature Pres. DC (bar)
    6.69377e+03   -2.88148e+04   -2.99515e+04    3.03745e+02   -1.88933e+02
 Pressure (bar)
   -1.53384e+02

           Step           Time
          67000       67.00000

   Energies (kJ/mol)
        LJ (SR)  Disper. corr.   Coulomb (SR)   Coul. recip.      Potential
    5.25935e+03   -3.04358e+02   -4.05581e+04    2.07654e+02   -3.53955e+04
    Kinetic En.   Total Energy  Conserved En.    Temperature Pres. DC (bar)
    6.60587e+03   -2.87896e+04   -2.99352e+04    2.99756e+02   -1.89201e+02
 Pressure (bar)
   -7.23226e+02

           Step           Time
          68000       68.00000

   Energies (kJ/mol)
        LJ (SR)  Disper. corr.   Coulomb (SR)   Coul. recip.      Potential
    5.77311e+03   -3.04759e+02   -4.11079e+04    2.33990e+02   -3.54055e+04
    Kinetic En.   Total Energy  Conserved En.    Temperature Pres. DC (bar)
    6.59799e+03   -2.88075e+04   -2.99570e+04    2.99399e+02   -1.89700e+02
 Pressure (bar)
    4.23497e+02

           Step           Time
          69000       69.00000

   Energies (kJ/mol)
        LJ (SR)  Disper. corr.   Coulomb (SR)   Coul. recip.      Potential
    5.59422e+03   -3.03462e+02   -4.10788e+04    2.27417e+02   -3.55607e+04
    Kinetic En.   Total Energy  Conserved En.    Temperature Pres. DC (bar)
    6.71902e+03   -2.88416e+04   -2.99444e+04    3.04890e+02   -1.88089e+02
 Pressure (bar)
   -1.56983e+02

           Step           Time
          70000       70.00000

   Energies (kJ/mol)
        LJ (SR)  Disper. corr.   Coulomb (SR)   Coul. recip.      Potential
    5.34137e+03   -3.00410e+02   -4.05786e+04    2.10028e+02   -3.53276e+04
    Kinetic En.   Total Energy  Conserved En.    Temperature Pres. DC (bar)
    6.51838e+03   -2.88092e+04   -2.99274e+04    2.95786e+02   -1.84330e+02
 Pressure (bar)
   -6.29768e+02

           Step           Time
          71000       71.00000

   Energies (kJ/mol)
        LJ (SR)  Disper. corr.   Coulomb (SR)   Coul. recip.      Potential
    5.70603e+03   -3.01865e+02   -4.09681e+04    2.04580e+02   -3.53594e+04
    Kinetic En.   Total Energy  Conserved En.    Temperature Pres. DC (bar)
    6.52988e+03   -2.88295e+04   -2.99387e+04    2.96308e+02   -1.86117e+02
 Pressure (bar)
    6.55792e+01

           Step           Time
          72000       72.00000

   Energies (kJ/mol)
        LJ (SR)  Disper. corr.   Coulomb (SR)   Coul. recip.      Potential
    5.60408e+03   -3.00248e+02   -4.09588e+04    2.32922e+02   -3.54220e+04
    Kinetic En.   Total Energy  Conserved En.    Temperature Pres. DC (bar)
    6.63093e+03   -2.87911e+04   -2.99275e+04    3.00893e+02   -1.84132e+02
 Pressure (bar)
   -3.75037e+02

           Step           Time
          73000       73.00000

   Energies (kJ/mol)
        LJ (SR)  Disper. corr.   Coulomb (SR)   Coul. recip.      Potential
    5.41382e+03   -3.04587e+02   -4.08055e+04    1.98480e+02   -3.54978e+04
    Kinetic En.   Total Energy  Conserved En.    Temperature Pres. DC (bar)
    6.64932e+03   -2.88485e+04   -2.99229e+04    3.01728e+02   -1.89485e+02
 Pressure (bar)
   -3.65569e+02

           Step           Time
          74000       74.00000

   Energies (kJ/mol)
        LJ (SR)  Disper. corr.   Coulomb (SR)   Coul. recip.      Potential
    5.60338e+03   -3.03201e+02   -4.07324e+04    2.26460e+02   -3.52058e+04
    Kinetic En.   Total Energy  Conserved En.    Temperature Pres. DC (bar)
    6.46263e+03   -2.87432e+04   -2.99284e+04    2.93256e+02   -1.87767e+02
 Pressure (bar)
    9.51734e+01

           Step           Time
          75000       75.00000

   Energies (kJ/mol)
        LJ (SR)  Disper. corr.   Coulomb (SR)   Coul. recip.      Potential
    5.47869e+03   -3.04017e+02   -4.07703e+04    2.20890e+02   -3.53747e+04
    Kinetic En.   Total Energy  Conserved En.    Temperature Pres. DC (bar)
    6.65533e+03   -2.87194e+04   -2.99209e+04    3.02001e+02   -1.88777e+02
 Pressure (bar)
   -1.70746e+02

           Step           Time
          76000       76.00000

   Energies (kJ/mol)
        LJ (SR)  Disper. corr.   Coulomb (SR)   Coul. recip.      Potential
    5.43748e+03   -3.01693e+02   -4.07382e+04    2.29142e+02   -3.53733e+04
    Kinetic En.   Total Energy  Conserved En.    Temperature Pres. DC (bar)
    6.65111e+03   -2.87222e+04   -2.99111e+04    3.01809e+02   -1.85906e+02
 Pressure (bar)
   -3.48543e+02

           Step           Time
          77000       77.00000

   Energies (kJ/mol)
        LJ (SR)  Disper. corr.   Coulomb (SR)   Coul. recip.      Potential
    5.75466e+03   -3.00665e+02   -4.12165e+04    2.23280e+02   -3.55392e+04
    Kinetic En.   Total Energy  Conserved En.    Temperature Pres. DC (bar)
    6.83142e+03   -2.87078e+04   -2.99202e+04    3.09991e+02   -1.84642e+02
 Pressure (bar)
    1.95122e+02

           Step           Time
          78000       78.00000

   Energies (kJ/mol)
        LJ (SR)  Disper. corr.   Coulomb (SR)   Coul. recip.      Potential
    5.90358e+03   -3.01463e+02   -4.11068e+04    2.27060e+02   -3.52776e+04
    Kinetic En.   Total Energy  Conserved En.    Temperature Pres. DC (bar)
    6.53521e+03   -2.87424e+04   -2.99250e+04    2.96550e+02   -1.85623e+02
 Pressure (bar)
    6.67391e+02

           Step           Time
          79000       79.00000

   Energies (kJ/mol)
        LJ (SR)  Disper. corr.   Coulomb (SR)   Coul. recip.      Potential
    5.64571e+03   -3.01603e+02   -4.10800e+04    2.36134e+02   -3.54997e+04
    Kinetic En.   Total Energy  Conserved En.    Temperature Pres. DC (bar)
    6.78980e+03   -2.87099e+04   -2.99133e+04    3.08102e+02   -1.85796e+02
 Pressure (bar)
    2.65279e+01

           Step           Time
          80000       80.00000

   Energies (kJ/mol)
        LJ (SR)  Disper. corr.   Coulomb (SR)   Coul. recip.      Potential
    5.59750e+03   -3.01839e+02   -4.07613e+04    2.15960e+02   -3.52497e+04
    Kinetic En.   Total Energy  Conserved En.    Temperature Pres. DC (bar)
    6.48813e+03   -2.87616e+04   -2.99121e+04    2.94413e+02   -1.86086e+02
 Pressure (bar)
    5.45600e+01

           Step           Time
          81000       81.00000

   Energies (kJ/mol)
        LJ (SR)  Disper. corr.   Coulomb (SR)   Coul. recip.      Potential
    5.62022e+03   -3.03794e+02   -4.09174e+04    2.09948e+02   -3.53910e+04
    Kinetic En.   Total Energy  Conserved En.    Temperature Pres. DC (bar)
    6.62116e+03   -2.87698e+04   -2.99107e+04    3.00450e+02   -1.88501e+02
 Pressure (bar)
    6.81115e+01

           Step           Time
          82000       82.00000

   Energies (kJ/mol)
        LJ (SR)  Disper. corr.   Coulomb (SR)   Coul. recip.      Potential
    5.56614e+03   -3.03667e+02   -4.09148e+04    2.20930e+02   -3.54314e+04
    Kinetic En.   Total Energy  Conserved En.    Temperature Pres. DC (bar)
    6.68203e+03   -2.87494e+04   -2.99057e+04    3.03212e+02   -1.88343e+02
 Pressure (bar)
   -8.31741e+01

           Step           Time
          83000       83.00000

   Energies (kJ/mol)
        LJ (SR)  Disper. corr.   Coulomb (SR)   Coul. recip.      Potential
    5.76188e+03   -3.02121e+02   -4.08070e+04    2.32529e+02   -3.51147e+04
    Kinetic En.   Total Energy  Conserved En.    Temperature Pres. DC (bar)
    6.38890e+03   -2.87258e+04   -2.99122e+04    2.89911e+02   -1.86433e+02
 Pressure (bar)
    5.22782e+02

           Step           Time
          84000       84.00000

   Energies (kJ/mol)
        LJ (SR)  Disper. corr.   Coulomb (SR)   Coul. recip.      Potential
    5.51233e+03   -3.03368e+02   -4.08759e+04    2.27141e+02   -3.54398e+04
    Kinetic En.   Total Energy  Conserved En.    Temperature Pres. DC (bar)
    6.76477e+03   -2.86750e+04   -2.98995e+04    3.06966e+02   -1.87974e+02
 Pressure (bar)
   -1.30186e+02

           Step           Time
          85000       85.00000

   Energies (kJ/mol)
        LJ (SR)  Disper. corr.   Coulomb (SR)   Coul. recip.      Potential
    5.33778e+03   -3.02610e+02   -4.05616e+04    2.21043e+02   -3.53054e+04
    Kinetic En.   Total Energy  Conserved En.    Temperature Pres. DC (bar)
    6.59485e+03   -2.87106e+04   -2.98870e+04    2.99256e+02   -1.87036e+02
 Pressure (bar)
   -4.83747e+02

           Step           Time
          86000       86.00000

   Energies (kJ/mol)
        LJ (SR)  Disper. corr.   Coulomb (SR)   Coul. recip.      Potential
    5.63939e+03   -3.02326e+02   -4.08541e+04    2.33713e+02   -3.52833e+04
    Kinetic En.   Total Energy  Conserved En.    Temperature Pres. DC (bar)
    6.58793e+03   -2.86954e+04   -2.98974e+04    2.98942e+02   -1.86685e+02
 Pressure (bar)
    1.01423e+02

           Step           Time
          87000       87.00000

   Energies (kJ/mol)
        LJ (SR)  Disper. corr.   Coulomb (SR)   Coul. recip.      Potential
    5.72733e+03   -3.01861e+02   -4.08955e+04    2.34799e+02   -3.52352e+04
    Kinetic En.   Total Energy  Conserved En.    Temperature Pres. DC (bar)
    6.55161e+03   -2.86836e+04   -2.98993e+04    2.97294e+02   -1.86113e+02
 Pressure (bar)
    3.12581e+02

           Step           Time
          88000       88.00000

   Energies (kJ/mol)
        LJ (SR)  Disper. corr.   Coulomb (SR)   Coul. recip.      Potential
    5.45355e+03   -2.99687e+02   -4.06232e+04    2.32576e+02   -3.52368e+04
    Kinetic En.   Total Energy  Conserved En.    Temperature Pres. DC (bar)
    6.58379e+03   -2.86530e+04   -2.98835e+04    2.98754e+02   -1.83445e+02
 Pressure (bar)
   -3.96728e+02

           Step           Time
          89000       89.00000

   Energies (kJ/mol)
        LJ (SR)  Disper. corr.   Coulomb (SR)   Coul. recip.      Potential
    5.36239e+03   -3.00005e+02   -4.05986e+04    2.39126e+02   -3.52971e+04
    Kinetic En.   Total Energy  Conserved En.    Temperature Pres. DC (bar)
    6.62843e+03   -2.86687e+04   -2.98777e+04    3.00780e+02   -1.83834e+02
 Pressure (bar)
   -5.48500e+02

           Step           Time
          90000       90.00000

   Energies (kJ/mol)
        LJ (SR)  Disper. corr.   Coulomb (SR)   Coul. recip.      Potential
    5.89400e+03   -3.01754e+02   -4.09203e+04    2.41603e+02   -3.50864e+04
    Kinetic En.   Total Energy  Conserved En.    Temperature Pres. DC (bar)
    6.44407e+03   -2.86424e+04   -2.98968e+04    2.92414e+02   -1.85981e+02
 Pressure (bar)
    6.81685e+02

           Step           Time
          91000       91.00000

   Energies (kJ/mol)
        LJ (SR)  Disper. corr.   Coulomb (SR)   Coul. recip.      Potential
    5.35633e+03   -3.01819e+02   -4.04341e+04    2.12445e+02   -3.51672e+04
    Kinetic En.   Total Energy  Conserved En.    Temperature Pres. DC (bar)
    6.58082e+03   -2.85864e+04   -2.98746e+04    2.98619e+02   -1.86061e+02
 Pressure (bar)
   -4.11930e+02

           Step           Time
          92000       92.00000

   Energies (kJ/mol)
        LJ (SR)  Disper. corr.   Coulomb (SR)   Coul. recip.      Potential
    5.51244e+03   -3.04400e+02   -4.07290e+04    2.13013e+02   -3.53079e+04
    Kinetic En.   Total Energy  Conserved En.    Temperature Pres. DC (bar)
    6.64091e+03   -2.86670e+04   -2.98798e+04    3.01346e+02   -1.89253e+02
 Pressure (bar)
   -7.91051e+01

           Step           Time
          93000       93.00000

   Energies (kJ/mol)
        LJ (SR)  Disper. corr.   Coulomb (SR)   Coul. recip.      Potential
    5.43572e+03   -3.03678e+02   -4.06529e+04    2.33607e+02   -3.52872e+04
    Kinetic En.   Total Energy  Conserved En.    Temperature Pres. DC (bar)
    6.61400e+03   -2.86732e+04   -2.98756e+04    3.00125e+02   -1.88357e+02
 Pressure (bar)
   -1.72759e+02

           Step           Time
          94000       94.00000

   Energies (kJ/mol)
        LJ (SR)  Disper. corr.   Coulomb (SR)   Coul. recip.      Potential
    5.62947e+03   -3.02783e+02   -4.06076e+04    2.18177e+02   -3.50627e+04
    Kinetic En.   Total Energy  Conserved En.    Temperature Pres. DC (bar)
    6.40976e+03   -2.86529e+04   -2.98786e+04    2.90857e+02   -1.87250e+02
 Pressure (bar)
    2.35495e+02

           Step           Time
          95000       95.00000

   Energies (kJ/mol)
        LJ (SR)  Disper. corr.   Coulomb (SR)   Coul. recip.      Potential
    5.86756e+03   -3.04699e+02   -4.12264e+04    2.23318e+02   -3.54402e+04
    Kinetic En.   Total Energy  Conserved En.    Temperature Pres. DC (bar)
    6.77191e+03   -2.86683e+04   -2.98765e+04    3.07291e+02   -1.89625e+02
 Pressure (bar)
    5.02439e+02

           Step           Time
          96000       96.00000

   Energies (kJ/mol)
        LJ (SR)  Disper. corr.   Coulomb (SR)   Coul. recip.      Potential
    5.76863e+03   -3.01545e+02   -4.09891e+04    2.24183e+02   -3.52978e+04
    Kinetic En.   Total Energy  Conserved En.    Temperature Pres. DC (bar)
    6.65993e+03   -2.86379e+04   -2.98701e+04    3.02209e+02   -1.85724e+02
 Pressure (bar)
    2.59480e+02

           Step           Time
          97000       97.00000

   Energies (kJ/mol)
        LJ (SR)  Disper. corr.   Coulomb (SR)   Coul. recip.      Potential
    5.42743e+03   -3.02840e+02   -4.08120e+04    2.27434e+02   -3.54599e+04
    Kinetic En.   Total Energy  Conserved En.    Temperature Pres. DC (bar)
    6.77429e+03   -2.86856e+04   -2.98542e+04    3.07399e+02   -1.87321e+02
 Pressure (bar)
   -3.95583e+02

           Step           Time
          98000       98.00000

   Energies (kJ/mol)
        LJ (SR)  Disper. corr.   Coulomb (SR)   Coul. recip.      Potential
    5.62294e+03   -3.04365e+02   -4.09344e+04    2.11931e+02   -3.54039e+04
    Kinetic En.   Total Energy  Conserved En.    Temperature Pres. DC (bar)
    6.65048e+03   -2.87534e+04   -2.98615e+04    3.01780e+02   -1.89209e+02
 Pressure (bar)
    5.76618e+01

           Step           Time
          99000       99.00000

   Energies (kJ/mol)
        LJ (SR)  Disper. corr.   Coulomb (SR)   Coul. recip.      Potential
    5.28390e+03   -3.00479e+02   -4.04911e+04    2.28520e+02   -3.52791e+04
    Kinetic En.   Total Energy  Conserved En.    Temperature Pres. DC (bar)
    6.60024e+03   -2.86789e+04   -2.98394e+04    2.99501e+02   -1.84415e+02
 Pressure (bar)
   -6.36922e+02

           Step           Time
         100000      100.00000

Writing checkpoint, step 100000 at Wed Nov 20 00:03:51 2024


   Energies (kJ/mol)
        LJ (SR)  Disper. corr.   Coulomb (SR)   Coul. recip.      Potential
    5.60292e+03   -3.01515e+02   -4.09644e+04    2.48049e+02   -3.54150e+04
    Kinetic En.   Total Energy  Conserved En.    Temperature Pres. DC (bar)
    6.69168e+03   -2.87233e+04   -2.98507e+04    3.03650e+02   -1.85687e+02
 Pressure (bar)
   -6.72844e+01


Energy conservation over simulation part #1 of length 100 ps, time 0 to 100 ps
  Conserved energy drift: 1.14e-03 kJ/mol/ps per atom


	<======  ###############  ==>
	<====  A V E R A G E S  ====>
	<==  ###############  ======>

	Statistics over 100001 steps using 1001 frames

   Energies (kJ/mol)
        LJ (SR)  Disper. corr.   Coulomb (SR)   Coul. recip.      Potential
    5.61632e+03   -3.02908e+02   -4.09147e+04    2.20702e+02   -3.53806e+04
    Kinetic En.   Total Energy  Conserved En.    Temperature Pres. DC (bar)
    6.59051e+03   -2.87901e+04   -3.00067e+04    2.99059e+02   -1.87412e+02
 Pressure (bar)
    1.00396e+00

          Box-X          Box-Y          Box-Z
    2.99529e+00    2.99529e+00    2.99529e+00

   Total Virial (kJ/mol)
    2.20122e+03   -1.26416e+00    1.68889e+00
   -1.26775e+00    2.20688e+03    9.24986e+00
    1.81319e+00    9.38491e+00    2.18072e+03

   Pressure (bar)
   -5.06980e+00   -4.61147e+00   -3.93806e+00
   -4.60710e+00   -1.09113e+01   -1.37319e+01
   -4.09210e+00   -1.38987e+01    1.89930e+01


	M E G A - F L O P S   A C C O U N T I N G

 NB=Group-cutoff nonbonded kernels    NxN=N-by-N cluster Verlet kernels
 RF=Reaction-Field  VdW=Van der Waals  QSTab=quadratic-spline table
 W3=SPC/TIP3p  W4=TIP4p (single or pairs)
 V&F=Potential and force  V=Potential only  F=Force only

 Computing:                               M-Number         M-Flops  % Flops
-----------------------------------------------------------------------------
 Pair Search distance check             844.396000        7599.564     0.1
 NxN QSTab Elec. + LJ [F]             66187.999944     2713707.998    48.2
 NxN QSTab Elec. + LJ [V&F]             669.238504       39485.072     0.7
 NxN QSTab Elec. [F]                  65926.511640     2241501.396    39.8
 NxN QSTab Elec. [V&F]                  666.594856       27330.389     0.5
 Calc Weights                           795.607956       28641.886     0.5
 Spread Q Bspline                     16972.969728       33945.939     0.6
 Gather F Bspline                     16972.969728      101837.818     1.8
 3D-FFT                               43536.435360      348291.483     6.2
 Solve PME                              812.508125       52000.520     0.9
 Reset In Box                             2.654652           7.964     0.0
 CG-CoM                                   2.657304           7.972     0.0
 Virial                                   2.699697          48.595     0.0
 Stop-CM                                 26.525304         265.253     0.0
 P-Coupling                               2.654652          15.928     0.0
 Calc-Ekin                               29.177304         787.787     0.0
 Constraint-V                           265.205304        2386.848     0.0
 Constraint-Vir                           2.654652          63.712     0.0
 Settle                                  88.402652       32708.981     0.6
-----------------------------------------------------------------------------
 Total                                                 5630635.105   100.0
-----------------------------------------------------------------------------


    D O M A I N   D E C O M P O S I T I O N   S T A T I S T I C S

 av. #atoms communicated per step for force:  2 x 0.0


      R E A L   C Y C L E   A N D   T I M E   A C C O U N T I N G

On 1 MPI rank, each using 16 OpenMP threads

 Activity:              Num   Num      Call    Wall time         Giga-Cycles
                        Ranks Threads  Count      (s)         total sum    %
--------------------------------------------------------------------------------
 Domain decomp.            1   16       1001       0.508         17.864   0.8
 Neighbor search           1   16       1001       0.641         22.533   1.0
 Force                     1   16     100001      24.744        869.369  38.2
 PME mesh                  1   16     100001      27.399        962.637  42.3
 NB X/F buffer ops.        1   16     199001       4.918        172.782   7.6
 Write traj.               1   16        101       0.371         13.037   0.6
 Update                    1   16     100001       2.864        100.641   4.4
 Constraints               1   16     100003       1.975         69.374   3.0
 Rest                                              1.367         48.019   2.1
--------------------------------------------------------------------------------
 Total                                            64.788       2276.254 100.0
--------------------------------------------------------------------------------
 Breakdown of PME mesh activities
--------------------------------------------------------------------------------
 PME spread                1   16     100001       9.800        344.300  15.1
 PME gather                1   16     100001       8.642        303.624  13.3
 PME 3D-FFT                1   16     200002       7.762        272.694  12.0
 PME solve Elec            1   16     100001       0.415         14.595   0.6
--------------------------------------------------------------------------------

               Core t (s)   Wall t (s)        (%)
       Time:     1036.601       64.788     1600.0
                 (ns/day)    (hour/ns)
Performance:      133.360        0.180
Finished mdrun on rank 0 Wed Nov 20 00:03:51 2024

