                     :-) GROMACS - gmx mdrun, 2025-dev (-:

Copyright 1991-2025 The GROMACS Authors.
GROMACS is free software; you can redistribute it and/or modify it
under the terms of the GNU Lesser General Public License
as published by the Free Software Foundation; either version 2.1
of the License, or (at your option) any later version.

                         Current GROMACS contributors:
       Mark Abraham           Andrey Alekseenko           Vladimir Basov      
      Cathrine Bergh            Eliane Briand               Ania Brown        
      Mahesh Doijade            Giacomo Fiorin          Stefan Fleischmann    
      Sergey Gorelov         Gilles Gouaillardet            Alan Gray         
     M. Eric Irrgang         Farzaneh Jalalypour            Joe Jordan        
     Carsten Kutzner           Justin A. Lemkul          Magnus Lundborg      
       Pascal Merz              Vedran Miletic            Dmitry Morozov      
       Julien Nabet              Szilard Pall        Andrea Pasquadibisceglie 
    Michele Pellegrino          Hubert Santuz             Roland Schulz       
     Tatiana Shugaeva          Alexey Shvetsov            Philip Turner       
     Alessandra Villa      Sebastian Wingbermuehle  

                         Previous GROMACS contributors:
        Emile Apol             Rossen Apostolov           James Barnett       
        Paul Bauer          Herman J.C. Berendsen          Par Bjelkmar       
      Christian Blau          Viacheslav Bolnykh            Kevin Boyd        
    Aldert van Buuren          Carlo Camilloni           Rudi van Drunen      
      Anton Feenstra           Oliver Fleetwood            Vytas Gapsys       
       Gaurav Garg             Gerrit Groenhof            Bert de Groot       
      Anca Hamuraru           Vincent Hindriksen          Victor Holanda      
     Aleksei Iupinov          Christoph Junghans        Prashanth Kanduri     
   Dimitrios Karkoulis           Peter Kasson             Sebastian Kehl      
     Sebastian Keller             Jiri Kraus               Per Larsson        
      Viveca Lindahl            Erik Marklund           Pieter Meulenhoff     
      Teemu Murtola              Sander Pronk             Michael Shirts      
      Alfons Sijbers            Balint Soproni         David van der Spoel    
      Peter Tieleman            Carsten Uphoff             Jon Vincent        
     Teemu Virolainen         Christian Wennberg           Maarten Wolf       
      Artem Zhmurov       

                  Coordinated by the GROMACS project leaders:
                           Berk Hess and Erik Lindahl

GROMACS:      gmx mdrun, version 2025-dev
Executable:   /usr/local/gromacs-imd-v3/bin/gmx
Data prefix:  /usr/local/gromacs-imd-v3
Working dir:  /home/mheyden1/streaming-101/em
Process ID:   128236
Command line:
  gmx mdrun -nt 1

GROMACS version:     2025-dev
Precision:           mixed
Memory model:        64 bit
MPI library:         thread_mpi
OpenMP support:      enabled (GMX_OPENMP_MAX_THREADS = 128)
GPU support:         disabled
SIMD instructions:   AVX2_128
CPU FFT library:     fftw-3.3.10-sse2-avx-avx2-avx2_128
GPU FFT library:     none
Multi-GPU FFT:       none
RDTSCP usage:        enabled
TNG support:         enabled
Hwloc support:       disabled
Tracing support:     disabled
C compiler:          /usr/bin/gcc GNU 13.1.0
C compiler flags:    -Wno-array-bounds -fexcess-precision=fast -funroll-all-loops -mavx2 -mfma -Wall -Wno-unused -Wunused-value -Wunused-parameter -Wextra -Wno-sign-compare -Wpointer-arith -Wundef -Werror=stringop-truncation -Wno-missing-field-initializers -O3 -DNDEBUG
C++ compiler:        /usr/bin/c++ GNU 13.1.0
C++ compiler flags:  -Wno-array-bounds -fexcess-precision=fast -funroll-all-loops -mavx2 -mfma -Wall -Wextra -Wpointer-arith -Wmissing-declarations -Wundef -Wstringop-truncation -Wno-missing-field-initializers -Wno-cast-function-type-strict SHELL:-fopenmp -O3 -DNDEBUG
BLAS library:        Internal
LAPACK library:      Internal


Running on 1 node with total 64 cores, 128 processing units
Hardware detected on host orion1:
  CPU info:
    Vendor: AMD
    Brand:  AMD EPYC 7601 32-Core Processor                
    Family: 23   Model: 1   Stepping: 2
    Features: aes amd apic avx avx2 clfsh cmov cx8 cx16 f16c fma htt lahf misalignsse mmx msr nonstop_tsc pclmuldq pdpe1gb popcnt pse rdrnd rdtscp sha sse2 sse3 sse4a sse4.1 sse4.2 ssse3
  Hardware topology: Basic
    Packages, cores, and logical processors:
    [indices refer to OS logical processors]
      Package  0: [   0  64] [   1  65] [   2  66] [   3  67] [   4  68] [   5  69] [   6  70] [   7  71] [   8  72] [   9  73] [  10  74] [  11  75] [  12  76] [  13  77] [  14  78] [  15  79] [  16  80] [  17  81] [  18  82] [  19  83] [  20  84] [  21  85] [  22  86] [  23  87] [  24  88] [  25  89] [  26  90] [  27  91] [  28  92] [  29  93] [  30  94] [  31  95] [  32  96] [  33  97] [  34  98] [  35  99] [  36 100] [  37 101] [  38 102] [  39 103] [  40 104] [  41 105] [  42 106] [  43 107] [  44 108] [  45 109] [  46 110] [  47 111] [  48 112] [  49 113] [  50 114] [  51 115] [  52 116] [  53 117] [  54 118] [  55 119] [  56 120] [  57 121] [  58 122] [  59 123] [  60 124] [  61 125] [  62 126] [  63 127]
    CPU limit set by OS: -1   Recommended max number of threads: 128


++++ PLEASE READ AND CITE THE FOLLOWING REFERENCE ++++
M. J. Abraham, T. Murtola, R. Schulz, S. Páll, J. C. Smith, B. Hess, E.
Lindahl
GROMACS: High performance molecular simulations through multi-level
parallelism from laptops to supercomputers
SoftwareX (2015)
DOI: 10.1016/j.softx.2015.06.001
-------- -------- --- Thank You --- -------- --------


++++ PLEASE READ AND CITE THE FOLLOWING REFERENCE ++++
S. Páll, M. J. Abraham, C. Kutzner, B. Hess, E. Lindahl
Tackling Exascale Software Challenges in Molecular Dynamics Simulations with
GROMACS
In S. Markidis & E. Laure (Eds.), Solving Software Challenges for Exascale (2015)
DOI: 10.1007/978-3-319-15976-8_1
-------- -------- --- Thank You --- -------- --------


++++ PLEASE READ AND CITE THE FOLLOWING REFERENCE ++++
S. Pronk, S. Páll, R. Schulz, P. Larsson, P. Bjelkmar, R. Apostolov, M. R.
Shirts, J. C. Smith, P. M. Kasson, D. van der Spoel, B. Hess, E. Lindahl
GROMACS 4.5: a high-throughput and highly parallel open source molecular
simulation toolkit
Bioinformatics (2013)
DOI: 10.1093/bioinformatics/btt055
-------- -------- --- Thank You --- -------- --------


++++ PLEASE READ AND CITE THE FOLLOWING REFERENCE ++++
B. Hess, C. Kutzner, D. van der Spoel, E. Lindahl
GROMACS 4: Algorithms for highly efficient, load-balanced, and scalable
molecular simulation
J. Chem. Theory Comput. (2008)
DOI: 10.1021/ct700301q
-------- -------- --- Thank You --- -------- --------


++++ PLEASE READ AND CITE THE FOLLOWING REFERENCE ++++
D. van der Spoel, E. Lindahl, B. Hess, G. Groenhof, A. E. Mark, H. J. C.
Berendsen
GROMACS: Fast, Flexible and Free
J. Comp. Chem. (2005)
DOI: 10.1002/jcc.20291
-------- -------- --- Thank You --- -------- --------


++++ PLEASE READ AND CITE THE FOLLOWING REFERENCE ++++
E. Lindahl, B. Hess, D. van der Spoel
GROMACS 3.0: A package for molecular simulation and trajectory analysis
J. Mol. Mod. (2001)
DOI: 10.1007/s008940100045
-------- -------- --- Thank You --- -------- --------


++++ PLEASE READ AND CITE THE FOLLOWING REFERENCE ++++
H. J. C. Berendsen, D. van der Spoel and R. van Drunen
GROMACS: A message-passing parallel molecular dynamics implementation
Comp. Phys. Comm. (1995)
DOI: 10.1016/0010-4655(95)00042-E
-------- -------- --- Thank You --- -------- --------

Input Parameters:
   integrator                     = steep
   tinit                          = 0
   dt                             = 0.001
   nsteps                         = 1000
   init-step                      = 0
   simulation-part                = 1
   mts                            = false
   mass-repartition-factor        = 1
   comm-mode                      = Linear
   nstcomm                        = 1
   bd-fric                        = 0
   ld-seed                        = -8404993
   emtol                          = 1000
   emstep                         = 0.01
   niter                          = 20
   fcstep                         = 0
   nstcgsteep                     = 1000
   nbfgscorr                      = 10
   rtpi                           = 0.05
   nstxout                        = 50
   nstvout                        = 0
   nstfout                        = 0
   nstlog                         = 1000
   nstcalcenergy                  = 100
   nstenergy                      = 1000
   nstxout-compressed             = 0
   compressed-x-precision         = 1000
   cutoff-scheme                  = Verlet
   nstlist                        = 10
   pbc                            = xyz
   periodic-molecules             = false
   verlet-buffer-tolerance        = 0.005
   verlet-buffer-pressure-tolerance = 0.5
   rlist                          = 0.945
   coulombtype                    = PME
   coulomb-modifier               = Potential-shift
   rcoulomb-switch                = 0
   rcoulomb                       = 0.9
   epsilon-r                      = 1
   epsilon-rf                     = inf
   vdw-type                       = Cut-off
   vdw-modifier                   = Potential-shift
   rvdw-switch                    = 0
   rvdw                           = 0.9
   DispCorr                       = No
   table-extension                = 1
   fourierspacing                 = 0.12
   fourier-nx                     = 25
   fourier-ny                     = 25
   fourier-nz                     = 25
   pme-order                      = 4
   ewald-rtol                     = 1e-05
   ewald-rtol-lj                  = 0.001
   lj-pme-comb-rule               = Geometric
   ewald-geometry                 = 3d
   epsilon-surface                = 0
   ensemble-temperature-setting   = not available
   tcoupl                         = No
   nsttcouple                     = -1
   nh-chain-length                = 0
   print-nose-hoover-chain-variables = false
   pcoupl                         = No
   refcoord-scaling               = No
   posres-com (3):
      posres-com[0]= 0.00000e+00
      posres-com[1]= 0.00000e+00
      posres-com[2]= 0.00000e+00
   posres-comB (3):
      posres-comB[0]= 0.00000e+00
      posres-comB[1]= 0.00000e+00
      posres-comB[2]= 0.00000e+00
   QMMM                           = false
qm-opts:
   ngQM                           = 0
   constraint-algorithm           = Lincs
   continuation                   = false
   Shake-SOR                      = false
   shake-tol                      = 0.0001
   lincs-order                    = 4
   lincs-iter                     = 1
   lincs-warnangle                = 30
   nwall                          = 0
   wall-type                      = 9-3
   wall-r-linpot                  = -1
   wall-atomtype[0]               = -1
   wall-atomtype[1]               = -1
   wall-density[0]                = 0
   wall-density[1]                = 0
   wall-ewald-zfac                = 3
   pull                           = false
   awh                            = false
   rotation                       = false
   interactiveMD                  = false
   disre                          = No
   disre-weighting                = Conservative
   disre-mixed                    = false
   dr-fc                          = 1000
   dr-tau                         = 0
   nstdisreout                    = 100
   orire-fc                       = 0
   orire-tau                      = 0
   nstorireout                    = 100
   free-energy                    = no
   cos-acceleration               = 0
   deform (3x3):
      deform[    0]={ 0.00000e+00,  0.00000e+00,  0.00000e+00}
      deform[    1]={ 0.00000e+00,  0.00000e+00,  0.00000e+00}
      deform[    2]={ 0.00000e+00,  0.00000e+00,  0.00000e+00}
   simulated-tempering            = false
   swapcoords                     = no
   userint1                       = 0
   userint2                       = 0
   userint3                       = 0
   userint4                       = 0
   userreal1                      = 0
   userreal2                      = 0
   userreal3                      = 0
   userreal4                      = 0
   applied-forces:
     electric-field:
       x:
         E0                       = 0
         omega                    = 0
         t0                       = 0
         sigma                    = 0
       y:
         E0                       = 0
         omega                    = 0
         t0                       = 0
         sigma                    = 0
       z:
         E0                       = 0
         omega                    = 0
         t0                       = 0
         sigma                    = 0
     density-guided-simulation:
       active                     = false
       group                      = protein
       similarity-measure         = inner-product
       atom-spreading-weight      = unity
       force-constant             = 1e+09
       gaussian-transform-spreading-width = 0.2
       gaussian-transform-spreading-range-in-multiples-of-width = 4
       reference-density-filename = reference.mrc
       nst                        = 1
       normalize-densities        = true
       adaptive-force-scaling     = false
       adaptive-force-scaling-time-constant = 4
       shift-vector               = 
       transformation-matrix      = 
     qmmm-cp2k:
       active                     = false
       qmgroup                    = System
       qmmethod                   = PBE
       qmfilenames                = 
       qmcharge                   = 0
       qmmultiplicity             = 1
     colvars:
       active                     = false
       configfile                 = 
       seed                       = -1
grpopts:
   nrdf:        7953
   ref-t:           0
   tau-t:           0
annealing:          No
annealing-npoints:           0
   acc:	           0           0           0
   nfreeze:           N           N           N
   energygrp-flags[  0]: 0

When checking whether update groups are usable:
  No constraints or virtual sites are in use, so it is best not to use update groups

Initializing Domain Decomposition on 1 ranks
NOTE: disabling dynamic load balancing as it is only supported with dynamics, not with integrator 'steep'.
Dynamic load balancing: off
Minimum cell size due to atom displacement: 0.045 nm
Initial maximum distances in bonded interactions:
    two-body bonded interactions: 0.164 nm, Exclusion, atoms 1796 1797
  multi-body bonded interactions: 0.164 nm, Angle, atoms 1796 1797
Minimum cell size due to bonded interactions: 0.181 nm
Using 0 separate PME ranks because: there are too few total ranks for efficient splitting
Optimizing the DD grid for 1 cells with a minimum initial size of 0.181 nm
The maximum allowed number of cells is: X 16 Y 16 Z 16
Domain decomposition grid 1 x 1 x 1, separate PME ranks 0
PME domain decomposition: 1 x 1 x 1

The initial number of communication pulses is:
The initial domain decomposition cell size is:

The maximum allowed distance for atoms involved in interactions is:
                 non-bonded interactions           0.945 nm
            two-body bonded interactions  (-rdd)   0.945 nm
          multi-body bonded interactions  (-rdd)   0.945 nm

Using 1 MPI thread
Using 1 OpenMP thread 

System total charge: 0.000
Will do PME sum in reciprocal space for electrostatic interactions.

++++ PLEASE READ AND CITE THE FOLLOWING REFERENCE ++++
U. Essmann, L. Perera, M. L. Berkowitz, T. Darden, H. Lee, L. G. Pedersen 
A smooth particle mesh Ewald method
J. Chem. Phys. (1995)
DOI: 10.1063/1.470117
-------- -------- --- Thank You --- -------- --------

Using a Gaussian width (1/beta) of 0.288146 nm for Ewald
Potential shift: LJ r^-12: -3.541e+00 r^-6: -1.882e+00, Ewald -1.111e-05
Initialized non-bonded Coulomb Ewald tables, spacing: 8.85e-04 size: 1018



Using SIMD4xM 4x4 nonbonded short-range kernels

Using a 4x4 pair-list setup:
  updated every 10 steps, buffer 0.045 nm, rlist 0.945 nm

Using Geometric Lennard-Jones combination rule
Removing pbc first time

Linking all bonded interactions to atoms


NOTE: Thread affinity was not set.

Note that activating steepest-descent energy minimization via the integrator .mdp option and the command gmx mdrun may be available in a different form in a future version of GROMACS, e.g. gmx minimize and an .mdp option.
Initiating Steepest Descents

Atom distribution over 1 domains: av 2652 stddev 0 min 2652 max 2652
Started Steepest Descents on rank 0 Wed Nov 20 00:00:21 2024


Steepest Descents:
   Tolerance (Fmax)   =  1.00000e+03
   Number of steps    =         1000
           Step           Time
              0        0.00000

   Energies (kJ/mol)
           Bond          Angle        LJ (SR)   Coulomb (SR)   Coul. recip.
    8.29760e+03    2.08408e+03    3.34943e+04   -4.06483e+04    1.27061e+03
      Potential Pressure (bar)
    4.49832e+03    1.24051e+04

           Step           Time
              1        1.00000

   Energies (kJ/mol)
           Bond          Angle        LJ (SR)   Coulomb (SR)   Coul. recip.
    8.09462e+03    2.11753e+03    2.10294e+04   -4.06661e+04    1.25315e+03
      Potential Pressure (bar)
   -8.17141e+03   -1.65717e+04

           Step           Time
              2        2.00000

   Energies (kJ/mol)
           Bond          Angle        LJ (SR)   Coulomb (SR)   Coul. recip.
    7.44521e+03    2.15214e+03    1.34605e+04   -4.04733e+04    1.20962e+03
      Potential Pressure (bar)
   -1.62059e+04   -2.74967e+04

           Step           Time
              3        3.00000

   Energies (kJ/mol)
           Bond          Angle        LJ (SR)   Coulomb (SR)   Coul. recip.
    2.91502e+03    1.68079e+03    1.00976e+04   -3.96109e+04    1.10698e+03
      Potential Pressure (bar)
   -2.38105e+04   -4.59382e+03

           Step           Time
              4        4.00000

   Energies (kJ/mol)
           Bond          Angle        LJ (SR)   Coulomb (SR)   Coul. recip.
    2.66458e+03    1.31356e+02    9.54935e+03   -4.13004e+04    1.15430e+03
      Potential Pressure (bar)
   -2.78008e+04   -4.60284e+03

           Step           Time
              5        5.00000

   Energies (kJ/mol)
           Bond          Angle        LJ (SR)   Coulomb (SR)   Coul. recip.
    1.93097e+03    2.10132e+02    8.48690e+03   -4.13092e+04    1.08360e+03
      Potential Pressure (bar)
   -2.95976e+04    1.19339e+03

           Step           Time
              6        6.00000

           Step           Time
              7        7.00000

   Energies (kJ/mol)
           Bond          Angle        LJ (SR)   Coulomb (SR)   Coul. recip.
    1.34934e+03    1.91390e+02    8.55153e+03   -4.16989e+04    1.08054e+03
      Potential Pressure (bar)
   -3.05261e+04    1.27638e+03

           Step           Time
              8        8.00000

   Energies (kJ/mol)
           Bond          Angle        LJ (SR)   Coulomb (SR)   Coul. recip.
    1.65186e+03    2.97343e+02    8.07841e+03   -4.20435e+04    1.03102e+03
      Potential Pressure (bar)
   -3.09849e+04    1.86582e+03

           Step           Time
              9        9.00000

           Step           Time
             10       10.00000

   Energies (kJ/mol)
           Bond          Angle        LJ (SR)   Coulomb (SR)   Coul. recip.
    1.07022e+03    3.17002e+02    8.08101e+03   -4.22194e+04    1.02259e+03
      Potential Pressure (bar)
   -3.17286e+04    2.15931e+03

           Step           Time
             11       11.00000

   Energies (kJ/mol)
           Bond          Angle        LJ (SR)   Coulomb (SR)   Coul. recip.
    1.43628e+03    4.55744e+02    7.71964e+03   -4.27310e+04    9.56310e+02
      Potential Pressure (bar)
   -3.21630e+04    1.73544e+03

           Step           Time
             12       12.00000

   Energies (kJ/mol)
           Bond          Angle        LJ (SR)   Coulomb (SR)   Coul. recip.
    1.12792e+03    4.65750e+02    7.70030e+03   -4.28624e+04    9.44167e+02
      Potential Pressure (bar)
   -3.26242e+04    2.07093e+03

           Step           Time
             13       13.00000

           Step           Time
             14       14.00000

   Energies (kJ/mol)
           Bond          Angle        LJ (SR)   Coulomb (SR)   Coul. recip.
    1.03580e+03    4.72335e+02    7.57196e+03   -4.29929e+04    9.18946e+02
      Potential Pressure (bar)
   -3.29938e+04    1.64641e+03

           Step           Time
             15       15.00000

   Energies (kJ/mol)
           Bond          Angle        LJ (SR)   Coulomb (SR)   Coul. recip.
    1.10134e+03    4.92010e+02    7.48600e+03   -4.32096e+04    8.91780e+02
      Potential Pressure (bar)
   -3.32385e+04    1.38205e+03

           Step           Time
             16       16.00000

   Energies (kJ/mol)
           Bond          Angle        LJ (SR)   Coulomb (SR)   Coul. recip.
    1.19112e+03    4.98258e+02    7.37625e+03   -4.33589e+04    8.61235e+02
      Potential Pressure (bar)
   -3.34321e+04    8.75633e+02

           Step           Time
             17       17.00000

   Energies (kJ/mol)
           Bond          Angle        LJ (SR)   Coulomb (SR)   Coul. recip.
    1.10612e+03    5.06188e+02    7.33225e+03   -4.34792e+04    8.50096e+02
      Potential Pressure (bar)
   -3.36845e+04    8.39747e+02

           Step           Time
             18       18.00000

           Step           Time
             19       19.00000

   Energies (kJ/mol)
           Bond          Angle        LJ (SR)   Coulomb (SR)   Coul. recip.
    9.99594e+02    5.03101e+02    7.26850e+03   -4.35652e+04    8.32025e+02
      Potential Pressure (bar)
   -3.39619e+04    5.90800e+02

           Step           Time
             20       20.00000

   Energies (kJ/mol)
           Bond          Angle        LJ (SR)   Coulomb (SR)   Coul. recip.
    1.11806e+03    5.15827e+02    7.17661e+03   -4.37828e+04    8.03921e+02
      Potential Pressure (bar)
   -3.41683e+04    1.89506e+02

           Step           Time
             21       21.00000

   Energies (kJ/mol)
           Bond          Angle        LJ (SR)   Coulomb (SR)   Coul. recip.
    1.09944e+03    5.13785e+02    7.12370e+03   -4.38796e+04    7.82552e+02
      Potential Pressure (bar)
   -3.43601e+04   -8.69273e+01

           Step           Time
             22       22.00000

   Energies (kJ/mol)
           Bond          Angle        LJ (SR)   Coulomb (SR)   Coul. recip.
    1.15497e+03    5.23348e+02    7.07353e+03   -4.39965e+04    7.71812e+02
      Potential Pressure (bar)
   -3.44728e+04   -2.32924e+02

           Step           Time
             23       23.00000

   Energies (kJ/mol)
           Bond          Angle        LJ (SR)   Coulomb (SR)   Coul. recip.
    1.29818e+03    5.23166e+02    7.04109e+03   -4.41045e+04    7.47961e+02
      Potential Pressure (bar)
   -3.44941e+04   -6.19418e+02

           Step           Time
             24       24.00000

   Energies (kJ/mol)
           Bond          Angle        LJ (SR)   Coulomb (SR)   Coul. recip.
    1.22273e+03    5.33583e+02    6.98367e+03   -4.41944e+04    7.43009e+02
      Potential Pressure (bar)
   -3.47114e+04   -6.31579e+02

           Step           Time
             25       25.00000

           Step           Time
             26       26.00000

   Energies (kJ/mol)
           Bond          Angle        LJ (SR)   Coulomb (SR)   Coul. recip.
    1.01749e+03    5.23071e+02    6.95162e+03   -4.42560e+04    7.28649e+02
      Potential Pressure (bar)
   -3.50352e+04   -7.72926e+02

           Step           Time
             27       27.00000

           Step           Time
             28       28.00000

   Energies (kJ/mol)
           Bond          Angle        LJ (SR)   Coulomb (SR)   Coul. recip.
    1.03361e+03    5.27144e+02    6.90765e+03   -4.43518e+04    7.17635e+02
      Potential Pressure (bar)
   -3.51658e+04   -9.05161e+02

           Step           Time
             29       29.00000

   Energies (kJ/mol)
           Bond          Angle        LJ (SR)   Coulomb (SR)   Coul. recip.
    1.07449e+03    5.27397e+02    6.87926e+03   -4.44512e+04    7.00168e+02
      Potential Pressure (bar)
   -3.52699e+04   -1.17209e+03

           Step           Time
             30       30.00000

   Energies (kJ/mol)
           Bond          Angle        LJ (SR)   Coulomb (SR)   Coul. recip.
    1.05895e+03    5.31429e+02    6.83635e+03   -4.45261e+04    6.93218e+02
      Potential Pressure (bar)
   -3.54061e+04   -1.23565e+03

           Step           Time
             31       31.00000

   Energies (kJ/mol)
           Bond          Angle        LJ (SR)   Coulomb (SR)   Coul. recip.
    1.18424e+03    5.33241e+02    6.82224e+03   -4.46308e+04    6.74548e+02
      Potential Pressure (bar)
   -3.54165e+04   -1.54555e+03

           Step           Time
             32       32.00000

   Energies (kJ/mol)
           Bond          Angle        LJ (SR)   Coulomb (SR)   Coul. recip.
    1.10149e+03    5.37344e+02    6.76972e+03   -4.46948e+04    6.70205e+02
      Potential Pressure (bar)
   -3.56161e+04   -1.55367e+03

           Step           Time
             33       33.00000

           Step           Time
             34       34.00000

   Energies (kJ/mol)
           Bond          Angle        LJ (SR)   Coulomb (SR)   Coul. recip.
    1.02188e+03    5.33626e+02    6.75816e+03   -4.47500e+04    6.59751e+02
      Potential Pressure (bar)
   -3.57766e+04   -1.66966e+03

           Step           Time
             35       35.00000

   Energies (kJ/mol)
           Bond          Angle        LJ (SR)   Coulomb (SR)   Coul. recip.
    1.14964e+03    5.41474e+02    6.70692e+03   -4.48654e+04    6.47462e+02
      Potential Pressure (bar)
   -3.58199e+04   -1.87814e+03

           Step           Time
             36       36.00000

   Energies (kJ/mol)
           Bond          Angle        LJ (SR)   Coulomb (SR)   Coul. recip.
    1.09888e+03    5.38356e+02    6.70403e+03   -4.49270e+04    6.35389e+02
      Potential Pressure (bar)
   -3.59503e+04   -2.01089e+03

           Step           Time
             37       37.00000

           Step           Time
             38       38.00000

   Energies (kJ/mol)
           Bond          Angle        LJ (SR)   Coulomb (SR)   Coul. recip.
    1.01176e+03    5.39081e+02    6.67105e+03   -4.49678e+04    6.31866e+02
      Potential Pressure (bar)
   -3.61141e+04   -2.02646e+03

           Step           Time
             39       39.00000

   Energies (kJ/mol)
           Bond          Angle        LJ (SR)   Coulomb (SR)   Coul. recip.
    1.19208e+03    5.46027e+02    6.63178e+03   -4.51853e+04    6.02144e+02
      Potential Pressure (bar)
   -3.62132e+04   -2.52751e+03

           Step           Time
             40       40.00000

   Energies (kJ/mol)
           Bond          Angle        LJ (SR)   Coulomb (SR)   Coul. recip.
    1.02369e+03    5.44053e+02    6.58590e+03   -4.52163e+04    5.99510e+02
      Potential Pressure (bar)
   -3.64632e+04   -2.45411e+03

           Step           Time
             41       41.00000

           Step           Time
             42       42.00000

   Energies (kJ/mol)
           Bond          Angle        LJ (SR)   Coulomb (SR)   Coul. recip.
    1.05958e+03    5.46001e+02    6.57269e+03   -4.53113e+04    5.86410e+02
      Potential Pressure (bar)
   -3.65466e+04   -2.62592e+03

           Step           Time
             43       43.00000

   Energies (kJ/mol)
           Bond          Angle        LJ (SR)   Coulomb (SR)   Coul. recip.
    1.03423e+03    5.47258e+02    6.54191e+03   -4.53515e+04    5.82639e+02
      Potential Pressure (bar)
   -3.66455e+04   -2.67250e+03

           Step           Time
             44       44.00000

   Energies (kJ/mol)
           Bond          Angle        LJ (SR)   Coulomb (SR)   Coul. recip.
    1.11905e+03    5.50058e+02    6.53843e+03   -4.54505e+04    5.69219e+02
      Potential Pressure (bar)
   -3.66737e+04   -2.87134e+03

           Step           Time
             45       45.00000

   Energies (kJ/mol)
           Bond          Angle        LJ (SR)   Coulomb (SR)   Coul. recip.
    1.05432e+03    5.50933e+02    6.49959e+03   -4.54853e+04    5.66377e+02
      Potential Pressure (bar)
   -3.68141e+04   -2.89091e+03

           Step           Time
             46       46.00000

           Step           Time
             47       47.00000

   Energies (kJ/mol)
           Bond          Angle        LJ (SR)   Coulomb (SR)   Coul. recip.
    1.03568e+03    5.50432e+02    6.49844e+03   -4.55348e+04    5.59439e+02
      Potential Pressure (bar)
   -3.68908e+04   -2.96529e+03

           Step           Time
             48       48.00000

   Energies (kJ/mol)
           Bond          Angle        LJ (SR)   Coulomb (SR)   Coul. recip.
    1.07552e+03    5.53501e+02    6.46709e+03   -4.55946e+04    5.53398e+02
      Potential Pressure (bar)
   -3.69451e+04   -3.07109e+03

           Step           Time
             49       49.00000

   Energies (kJ/mol)
           Bond          Angle        LJ (SR)   Coulomb (SR)   Coul. recip.
    1.07840e+03    5.53339e+02    6.47196e+03   -4.56515e+04    5.45436e+02
      Potential Pressure (bar)
   -3.70024e+04   -3.15581e+03

           Step           Time
             50       50.00000

   Energies (kJ/mol)
           Bond          Angle        LJ (SR)   Coulomb (SR)   Coul. recip.
    1.11514e+03    5.56806e+02    6.43749e+03   -4.56964e+04    5.41574e+02
      Potential Pressure (bar)
   -3.70454e+04   -3.24104e+03

           Step           Time
             51       51.00000

           Step           Time
             52       52.00000

   Energies (kJ/mol)
           Bond          Angle        LJ (SR)   Coulomb (SR)   Coul. recip.
    1.02511e+03    5.54495e+02    6.43820e+03   -4.57295e+04    5.36751e+02
      Potential Pressure (bar)
   -3.71749e+04   -3.25561e+03

           Step           Time
             53       53.00000

   Energies (kJ/mol)
           Bond          Angle        LJ (SR)   Coulomb (SR)   Coul. recip.
    1.16278e+03    5.60756e+02    6.38356e+03   -4.59067e+04    5.17569e+02
      Potential Pressure (bar)
   -3.72820e+04   -3.62350e+03

           Step           Time
             54       54.00000

   Energies (kJ/mol)
           Bond          Angle        LJ (SR)   Coulomb (SR)   Coul. recip.
    1.06277e+03    5.58257e+02    6.38892e+03   -4.59445e+04    5.11774e+02
      Potential Pressure (bar)
   -3.74228e+04   -3.57203e+03

           Step           Time
             55       55.00000

           Step           Time
             56       56.00000

   Energies (kJ/mol)
           Bond          Angle        LJ (SR)   Coulomb (SR)   Coul. recip.
    1.04898e+03    5.59671e+02    6.36840e+03   -4.59764e+04    5.08693e+02
      Potential Pressure (bar)
   -3.74907e+04   -3.63505e+03

           Step           Time
             57       57.00000

   Energies (kJ/mol)
           Bond          Angle        LJ (SR)   Coulomb (SR)   Coul. recip.
    1.11099e+03    5.61017e+02    6.37010e+03   -4.60486e+04    5.00404e+02
      Potential Pressure (bar)
   -3.75061e+04   -3.73476e+03

           Step           Time
             58       58.00000

   Energies (kJ/mol)
           Bond          Angle        LJ (SR)   Coulomb (SR)   Coul. recip.
    1.07040e+03    5.62178e+02    6.34353e+03   -4.60754e+04    4.97841e+02
      Potential Pressure (bar)
   -3.76014e+04   -3.78216e+03

           Step           Time
             59       59.00000

           Step           Time
             60       60.00000

   Energies (kJ/mol)
           Bond          Angle        LJ (SR)   Coulomb (SR)   Coul. recip.
    1.04563e+03    5.61821e+02    6.34490e+03   -4.61130e+04    4.93463e+02
      Potential Pressure (bar)
   -3.76672e+04   -3.80930e+03

           Step           Time
             61       61.00000

   Energies (kJ/mol)
           Bond          Angle        LJ (SR)   Coulomb (SR)   Coul. recip.
    1.09213e+03    5.64111e+02    6.32248e+03   -4.61662e+04    4.88018e+02
      Potential Pressure (bar)
   -3.76994e+04   -3.91847e+03

           Step           Time
             62       62.00000

   Energies (kJ/mol)
           Bond          Angle        LJ (SR)   Coulomb (SR)   Coul. recip.
    1.08299e+03    5.63972e+02    6.32835e+03   -4.62118e+04    4.82971e+02
      Potential Pressure (bar)
   -3.77535e+04   -3.95108e+03

           Step           Time
             63       63.00000

   Energies (kJ/mol)
           Bond          Angle        LJ (SR)   Coulomb (SR)   Coul. recip.
    1.13488e+03    5.66470e+02    6.30429e+03   -4.62475e+04    4.79415e+02
      Potential Pressure (bar)
   -3.77625e+04   -4.04569e+03

           Step           Time
             64       64.00000

   Energies (kJ/mol)
           Bond          Angle        LJ (SR)   Coulomb (SR)   Coul. recip.
    1.17142e+03    5.66825e+02    6.31882e+03   -4.63005e+04    4.73936e+02
      Potential Pressure (bar)
   -3.77695e+04   -4.09089e+03

           Step           Time
             65       65.00000

   Energies (kJ/mol)
           Bond          Angle        LJ (SR)   Coulomb (SR)   Coul. recip.
    1.22363e+03    5.69924e+02    6.28824e+03   -4.63252e+04    4.71428e+02
      Potential Pressure (bar)
   -3.77720e+04   -4.18487e+03

           Step           Time
             66       66.00000

           Step           Time
             67       67.00000

   Energies (kJ/mol)
           Bond          Angle        LJ (SR)   Coulomb (SR)   Coul. recip.
    1.04606e+03    5.67054e+02    6.28984e+03   -4.63583e+04    4.67722e+02
      Potential Pressure (bar)
   -3.79876e+04   -4.13913e+03

           Step           Time
             68       68.00000

           Step           Time
             69       69.00000

   Energies (kJ/mol)
           Bond          Angle        LJ (SR)   Coulomb (SR)   Coul. recip.
    1.10003e+03    5.68575e+02    6.27034e+03   -4.64223e+04    4.60853e+02
      Potential Pressure (bar)
   -3.80225e+04   -4.25509e+03

           Step           Time
             70       70.00000

   Energies (kJ/mol)
           Bond          Angle        LJ (SR)   Coulomb (SR)   Coul. recip.
    1.07625e+03    5.68463e+02    6.27429e+03   -4.64624e+04    4.57249e+02
      Potential Pressure (bar)
   -3.80862e+04   -4.28015e+03

           Step           Time
             71       71.00000

           Step           Time
             72       72.00000

   Energies (kJ/mol)
           Bond          Angle        LJ (SR)   Coulomb (SR)   Coul. recip.
    1.04818e+03    5.68745e+02    6.26208e+03   -4.64812e+04    4.54990e+02
      Potential Pressure (bar)
   -3.81472e+04   -4.30561e+03


Steepest Descents converged to Fmax < 1000 in 73 steps
Potential Energy  = -3.8147227e+04
Maximum force     =  9.7199243e+02 on atom 52
Norm of force     =  1.1611431e+02

    D O M A I N   D E C O M P O S I T I O N   S T A T I S T I C S

 av. #atoms communicated per step for force:  2 x 0.0

Finished mdrun on rank 0 Wed Nov 20 00:00:21 2024

